
*** Running vivado
    with args -log implement_clocks.vds -m64 -product Vivado -mode batch -messageDb vivado.pb -notrace -source implement_clocks.tcl


****** Vivado v2019.1 (64-bit)
  **** SW Build 2552052 on Fri May 24 14:49:42 MDT 2019
  **** IP Build 2548770 on Fri May 24 18:01:18 MDT 2019
    ** Copyright 1986-2019 Xilinx, Inc. All Rights Reserved.

source implement_clocks.tcl -notrace
Command: synth_design -top implement_clocks -part xc7a100tcsg324-1
Starting synth_design
Attempting to get a license for feature 'Synthesis' and/or device 'xc7a100t'
INFO: [Common 17-349] Got license for feature 'Synthesis' and/or device 'xc7a100t'
INFO: [Device 21-403] Loading part xc7a100tcsg324-1
INFO: Launching helper process for spawning children vivado processes
INFO: Helper process launched with PID 65464 
WARNING: [Synth 8-2539] port LED must not be declared to be an array [C:/Users/is2751zv/Documents/git/schoolWork/digitalCircuits/dc-lab8/new/332_Proj/lab1/lab1.srcs/sources_1/imports/332_Proj/lab1.v:8]
---------------------------------------------------------------------------------
Starting RTL Elaboration : Time (s): cpu = 00:00:06 ; elapsed = 00:00:06 . Memory (MB): peak = 722.027 ; gain = 183.035
---------------------------------------------------------------------------------
INFO: [Synth 8-6157] synthesizing module 'implement_clocks' [C:/Users/is2751zv/Documents/git/schoolWork/digitalCircuits/dc-lab8/new/332_Proj/lab1/lab1.srcs/sources_1/imports/332_Proj/lab1.v:5]
INFO: [Synth 8-6157] synthesizing module 'create_1_HUNDR_clk' [C:/Users/is2751zv/Documents/git/schoolWork/digitalCircuits/dc-lab8/new/332_Proj/lab1/lab1.srcs/sources_1/imports/332_Proj/lab1.v:32]
INFO: [Synth 8-6155] done synthesizing module 'create_1_HUNDR_clk' (1#1) [C:/Users/is2751zv/Documents/git/schoolWork/digitalCircuits/dc-lab8/new/332_Proj/lab1/lab1.srcs/sources_1/imports/332_Proj/lab1.v:32]
INFO: [Synth 8-6157] synthesizing module 'create_1_hz_clk' [C:/Users/is2751zv/Documents/git/schoolWork/digitalCircuits/dc-lab8/new/332_Proj/lab1/lab1.srcs/sources_1/imports/332_Proj/lab1.v:52]
WARNING: [Synth 8-6090] variable 'ctr' is written by both blocking and non-blocking assignments, entire logic could be removed [C:/Users/is2751zv/Documents/git/schoolWork/digitalCircuits/dc-lab8/new/332_Proj/lab1/lab1.srcs/sources_1/imports/332_Proj/lab1.v:63]
INFO: [Synth 8-6155] done synthesizing module 'create_1_hz_clk' (2#1) [C:/Users/is2751zv/Documents/git/schoolWork/digitalCircuits/dc-lab8/new/332_Proj/lab1/lab1.srcs/sources_1/imports/332_Proj/lab1.v:52]
WARNING: [Synth 8-3848] Net LED[15] in module/entity implement_clocks does not have driver. [C:/Users/is2751zv/Documents/git/schoolWork/digitalCircuits/dc-lab8/new/332_Proj/lab1/lab1.srcs/sources_1/imports/332_Proj/lab1.v:8]
WARNING: [Synth 8-3848] Net LED[14] in module/entity implement_clocks does not have driver. [C:/Users/is2751zv/Documents/git/schoolWork/digitalCircuits/dc-lab8/new/332_Proj/lab1/lab1.srcs/sources_1/imports/332_Proj/lab1.v:8]
WARNING: [Synth 8-3848] Net LED[13] in module/entity implement_clocks does not have driver. [C:/Users/is2751zv/Documents/git/schoolWork/digitalCircuits/dc-lab8/new/332_Proj/lab1/lab1.srcs/sources_1/imports/332_Proj/lab1.v:8]
WARNING: [Synth 8-3848] Net LED[12] in module/entity implement_clocks does not have driver. [C:/Users/is2751zv/Documents/git/schoolWork/digitalCircuits/dc-lab8/new/332_Proj/lab1/lab1.srcs/sources_1/imports/332_Proj/lab1.v:8]
WARNING: [Synth 8-3848] Net LED[11] in module/entity implement_clocks does not have driver. [C:/Users/is2751zv/Documents/git/schoolWork/digitalCircuits/dc-lab8/new/332_Proj/lab1/lab1.srcs/sources_1/imports/332_Proj/lab1.v:8]
WARNING: [Synth 8-3848] Net LED[10] in module/entity implement_clocks does not have driver. [C:/Users/is2751zv/Documents/git/schoolWork/digitalCircuits/dc-lab8/new/332_Proj/lab1/lab1.srcs/sources_1/imports/332_Proj/lab1.v:8]
WARNING: [Synth 8-3848] Net LED[9] in module/entity implement_clocks does not have driver. [C:/Users/is2751zv/Documents/git/schoolWork/digitalCircuits/dc-lab8/new/332_Proj/lab1/lab1.srcs/sources_1/imports/332_Proj/lab1.v:8]
WARNING: [Synth 8-3848] Net LED[8] in module/entity implement_clocks does not have driver. [C:/Users/is2751zv/Documents/git/schoolWork/digitalCircuits/dc-lab8/new/332_Proj/lab1/lab1.srcs/sources_1/imports/332_Proj/lab1.v:8]
WARNING: [Synth 8-3848] Net LED[7] in module/entity implement_clocks does not have driver. [C:/Users/is2751zv/Documents/git/schoolWork/digitalCircuits/dc-lab8/new/332_Proj/lab1/lab1.srcs/sources_1/imports/332_Proj/lab1.v:8]
WARNING: [Synth 8-3848] Net LED[6] in module/entity implement_clocks does not have driver. [C:/Users/is2751zv/Documents/git/schoolWork/digitalCircuits/dc-lab8/new/332_Proj/lab1/lab1.srcs/sources_1/imports/332_Proj/lab1.v:8]
INFO: [Synth 8-6155] done synthesizing module 'implement_clocks' (3#1) [C:/Users/is2751zv/Documents/git/schoolWork/digitalCircuits/dc-lab8/new/332_Proj/lab1/lab1.srcs/sources_1/imports/332_Proj/lab1.v:5]
WARNING: [Synth 8-3331] design implement_clocks has unconnected port LED[15]
WARNING: [Synth 8-3331] design implement_clocks has unconnected port LED[14]
WARNING: [Synth 8-3331] design implement_clocks has unconnected port LED[13]
WARNING: [Synth 8-3331] design implement_clocks has unconnected port LED[12]
WARNING: [Synth 8-3331] design implement_clocks has unconnected port LED[11]
WARNING: [Synth 8-3331] design implement_clocks has unconnected port LED[10]
WARNING: [Synth 8-3331] design implement_clocks has unconnected port LED[9]
WARNING: [Synth 8-3331] design implement_clocks has unconnected port LED[8]
WARNING: [Synth 8-3331] design implement_clocks has unconnected port LED[7]
WARNING: [Synth 8-3331] design implement_clocks has unconnected port LED[6]
WARNING: [Synth 8-3331] design implement_clocks has unconnected port SW[1]
WARNING: [Synth 8-3331] design implement_clocks has unconnected port SW[0]
---------------------------------------------------------------------------------
Finished RTL Elaboration : Time (s): cpu = 00:00:07 ; elapsed = 00:00:08 . Memory (MB): peak = 758.574 ; gain = 219.582
---------------------------------------------------------------------------------

Report Check Netlist: 
+------+------------------+-------+---------+-------+------------------+
|      |Item              |Errors |Warnings |Status |Description       |
+------+------------------+-------+---------+-------+------------------+
|1     |multi_driven_nets |      0|        0|Passed |Multi driven nets |
+------+------------------+-------+---------+-------+------------------+
---------------------------------------------------------------------------------
Start Handling Custom Attributes
---------------------------------------------------------------------------------
---------------------------------------------------------------------------------
Finished Handling Custom Attributes : Time (s): cpu = 00:00:08 ; elapsed = 00:00:09 . Memory (MB): peak = 758.574 ; gain = 219.582
---------------------------------------------------------------------------------
---------------------------------------------------------------------------------
Finished RTL Optimization Phase 1 : Time (s): cpu = 00:00:08 ; elapsed = 00:00:09 . Memory (MB): peak = 758.574 ; gain = 219.582
---------------------------------------------------------------------------------
INFO: [Project 1-570] Preparing netlist for logic optimization

Processing XDC Constraints
Initializing timing engine
Parsing XDC File [C:/Users/is2751zv/Documents/git/schoolWork/digitalCircuits/dc-lab8/new/332_Proj/lab1/lab1.srcs/constrs_1/imports/332_Proj/lab1_nexys4_ddr.xdc]
WARNING: [Vivado 12-584] No ports matched 'SW[2]'. [C:/Users/is2751zv/Documents/git/schoolWork/digitalCircuits/dc-lab8/new/332_Proj/lab1/lab1.srcs/constrs_1/imports/332_Proj/lab1_nexys4_ddr.xdc:15]
CRITICAL WARNING: [Common 17-55] 'set_property' expects at least one object. [C:/Users/is2751zv/Documents/git/schoolWork/digitalCircuits/dc-lab8/new/332_Proj/lab1/lab1.srcs/constrs_1/imports/332_Proj/lab1_nexys4_ddr.xdc:15]
Resolution: If [get_<value>] was used to populate the object, check to make sure this command returns at least one valid object.
WARNING: [Vivado 12-584] No ports matched 'SW[3]'. [C:/Users/is2751zv/Documents/git/schoolWork/digitalCircuits/dc-lab8/new/332_Proj/lab1/lab1.srcs/constrs_1/imports/332_Proj/lab1_nexys4_ddr.xdc:16]
CRITICAL WARNING: [Common 17-55] 'set_property' expects at least one object. [C:/Users/is2751zv/Documents/git/schoolWork/digitalCircuits/dc-lab8/new/332_Proj/lab1/lab1.srcs/constrs_1/imports/332_Proj/lab1_nexys4_ddr.xdc:16]
Resolution: If [get_<value>] was used to populate the object, check to make sure this command returns at least one valid object.
WARNING: [Vivado 12-584] No ports matched 'SW[4]'. [C:/Users/is2751zv/Documents/git/schoolWork/digitalCircuits/dc-lab8/new/332_Proj/lab1/lab1.srcs/constrs_1/imports/332_Proj/lab1_nexys4_ddr.xdc:17]
CRITICAL WARNING: [Common 17-55] 'set_property' expects at least one object. [C:/Users/is2751zv/Documents/git/schoolWork/digitalCircuits/dc-lab8/new/332_Proj/lab1/lab1.srcs/constrs_1/imports/332_Proj/lab1_nexys4_ddr.xdc:17]
Resolution: If [get_<value>] was used to populate the object, check to make sure this command returns at least one valid object.
WARNING: [Vivado 12-584] No ports matched 'SW[5]'. [C:/Users/is2751zv/Documents/git/schoolWork/digitalCircuits/dc-lab8/new/332_Proj/lab1/lab1.srcs/constrs_1/imports/332_Proj/lab1_nexys4_ddr.xdc:18]
CRITICAL WARNING: [Common 17-55] 'set_property' expects at least one object. [C:/Users/is2751zv/Documents/git/schoolWork/digitalCircuits/dc-lab8/new/332_Proj/lab1/lab1.srcs/constrs_1/imports/332_Proj/lab1_nexys4_ddr.xdc:18]
Resolution: If [get_<value>] was used to populate the object, check to make sure this command returns at least one valid object.
WARNING: [Vivado 12-584] No ports matched 'SW[6]'. [C:/Users/is2751zv/Documents/git/schoolWork/digitalCircuits/dc-lab8/new/332_Proj/lab1/lab1.srcs/constrs_1/imports/332_Proj/lab1_nexys4_ddr.xdc:19]
CRITICAL WARNING: [Common 17-55] 'set_property' expects at least one object. [C:/Users/is2751zv/Documents/git/schoolWork/digitalCircuits/dc-lab8/new/332_Proj/lab1/lab1.srcs/constrs_1/imports/332_Proj/lab1_nexys4_ddr.xdc:19]
Resolution: If [get_<value>] was used to populate the object, check to make sure this command returns at least one valid object.
WARNING: [Vivado 12-584] No ports matched 'SW[7]'. [C:/Users/is2751zv/Documents/git/schoolWork/digitalCircuits/dc-lab8/new/332_Proj/lab1/lab1.srcs/constrs_1/imports/332_Proj/lab1_nexys4_ddr.xdc:20]
CRITICAL WARNING: [Common 17-55] 'set_property' expects at least one object. [C:/Users/is2751zv/Documents/git/schoolWork/digitalCircuits/dc-lab8/new/332_Proj/lab1/lab1.srcs/constrs_1/imports/332_Proj/lab1_nexys4_ddr.xdc:20]
Resolution: If [get_<value>] was used to populate the object, check to make sure this command returns at least one valid object.
WARNING: [Vivado 12-584] No ports matched 'SW[8]'. [C:/Users/is2751zv/Documents/git/schoolWork/digitalCircuits/dc-lab8/new/332_Proj/lab1/lab1.srcs/constrs_1/imports/332_Proj/lab1_nexys4_ddr.xdc:21]
CRITICAL WARNING: [Common 17-55] 'set_property' expects at least one object. [C:/Users/is2751zv/Documents/git/schoolWork/digitalCircuits/dc-lab8/new/332_Proj/lab1/lab1.srcs/constrs_1/imports/332_Proj/lab1_nexys4_ddr.xdc:21]
Resolution: If [get_<value>] was used to populate the object, check to make sure this command returns at least one valid object.
WARNING: [Vivado 12-584] No ports matched 'SW[9]'. [C:/Users/is2751zv/Documents/git/schoolWork/digitalCircuits/dc-lab8/new/332_Proj/lab1/lab1.srcs/constrs_1/imports/332_Proj/lab1_nexys4_ddr.xdc:22]
CRITICAL WARNING: [Common 17-55] 'set_property' expects at least one object. [C:/Users/is2751zv/Documents/git/schoolWork/digitalCircuits/dc-lab8/new/332_Proj/lab1/lab1.srcs/constrs_1/imports/332_Proj/lab1_nexys4_ddr.xdc:22]
Resolution: If [get_<value>] was used to populate the object, check to make sure this command returns at least one valid object.
WARNING: [Vivado 12-584] No ports matched 'SW[10]'. [C:/Users/is2751zv/Documents/git/schoolWork/digitalCircuits/dc-lab8/new/332_Proj/lab1/lab1.srcs/constrs_1/imports/332_Proj/lab1_nexys4_ddr.xdc:23]
CRITICAL WARNING: [Common 17-55] 'set_property' expects at least one object. [C:/Users/is2751zv/Documents/git/schoolWork/digitalCircuits/dc-lab8/new/332_Proj/lab1/lab1.srcs/constrs_1/imports/332_Proj/lab1_nexys4_ddr.xdc:23]
Resolution: If [get_<value>] was used to populate the object, check to make sure this command returns at least one valid object.
WARNING: [Vivado 12-584] No ports matched 'SW[11]'. [C:/Users/is2751zv/Documents/git/schoolWork/digitalCircuits/dc-lab8/new/332_Proj/lab1/lab1.srcs/constrs_1/imports/332_Proj/lab1_nexys4_ddr.xdc:24]
CRITICAL WARNING: [Common 17-55] 'set_property' expects at least one object. [C:/Users/is2751zv/Documents/git/schoolWork/digitalCircuits/dc-lab8/new/332_Proj/lab1/lab1.srcs/constrs_1/imports/332_Proj/lab1_nexys4_ddr.xdc:24]
Resolution: If [get_<value>] was used to populate the object, check to make sure this command returns at least one valid object.
WARNING: [Vivado 12-584] No ports matched 'SW[12]'. [C:/Users/is2751zv/Documents/git/schoolWork/digitalCircuits/dc-lab8/new/332_Proj/lab1/lab1.srcs/constrs_1/imports/332_Proj/lab1_nexys4_ddr.xdc:25]
CRITICAL WARNING: [Common 17-55] 'set_property' expects at least one object. [C:/Users/is2751zv/Documents/git/schoolWork/digitalCircuits/dc-lab8/new/332_Proj/lab1/lab1.srcs/constrs_1/imports/332_Proj/lab1_nexys4_ddr.xdc:25]
Resolution: If [get_<value>] was used to populate the object, check to make sure this command returns at least one valid object.
WARNING: [Vivado 12-584] No ports matched 'SW[13]'. [C:/Users/is2751zv/Documents/git/schoolWork/digitalCircuits/dc-lab8/new/332_Proj/lab1/lab1.srcs/constrs_1/imports/332_Proj/lab1_nexys4_ddr.xdc:26]
CRITICAL WARNING: [Common 17-55] 'set_property' expects at least one object. [C:/Users/is2751zv/Documents/git/schoolWork/digitalCircuits/dc-lab8/new/332_Proj/lab1/lab1.srcs/constrs_1/imports/332_Proj/lab1_nexys4_ddr.xdc:26]
Resolution: If [get_<value>] was used to populate the object, check to make sure this command returns at least one valid object.
WARNING: [Vivado 12-584] No ports matched 'SW[14]'. [C:/Users/is2751zv/Documents/git/schoolWork/digitalCircuits/dc-lab8/new/332_Proj/lab1/lab1.srcs/constrs_1/imports/332_Proj/lab1_nexys4_ddr.xdc:27]
CRITICAL WARNING: [Common 17-55] 'set_property' expects at least one object. [C:/Users/is2751zv/Documents/git/schoolWork/digitalCircuits/dc-lab8/new/332_Proj/lab1/lab1.srcs/constrs_1/imports/332_Proj/lab1_nexys4_ddr.xdc:27]
Resolution: If [get_<value>] was used to populate the object, check to make sure this command returns at least one valid object.
WARNING: [Vivado 12-584] No ports matched 'SW[15]'. [C:/Users/is2751zv/Documents/git/schoolWork/digitalCircuits/dc-lab8/new/332_Proj/lab1/lab1.srcs/constrs_1/imports/332_Proj/lab1_nexys4_ddr.xdc:28]
CRITICAL WARNING: [Common 17-55] 'set_property' expects at least one object. [C:/Users/is2751zv/Documents/git/schoolWork/digitalCircuits/dc-lab8/new/332_Proj/lab1/lab1.srcs/constrs_1/imports/332_Proj/lab1_nexys4_ddr.xdc:28]
Resolution: If [get_<value>] was used to populate the object, check to make sure this command returns at least one valid object.
Finished Parsing XDC File [C:/Users/is2751zv/Documents/git/schoolWork/digitalCircuits/dc-lab8/new/332_Proj/lab1/lab1.srcs/constrs_1/imports/332_Proj/lab1_nexys4_ddr.xdc]
INFO: [Project 1-236] Implementation specific constraints were found while reading constraint file [C:/Users/is2751zv/Documents/git/schoolWork/digitalCircuits/dc-lab8/new/332_Proj/lab1/lab1.srcs/constrs_1/imports/332_Proj/lab1_nexys4_ddr.xdc]. These constraints will be ignored for synthesis but will be used in implementation. Impacted constraints are listed in the file [.Xil/implement_clocks_propImpl.xdc].
Resolution: To avoid this warning, move constraints listed in [.Xil/implement_clocks_propImpl.xdc] to another XDC file and exclude this new file from synthesis with the used_in_synthesis property (File Properties dialog in GUI) and re-run elaboration/synthesis.
Completed Processing XDC Constraints

Netlist sorting complete. Time (s): cpu = 00:00:00 ; elapsed = 00:00:00 . Memory (MB): peak = 882.527 ; gain = 0.000
INFO: [Project 1-111] Unisim Transformation Summary:
No Unisim elements were transformed.

Constraint Validation Runtime : Time (s): cpu = 00:00:00 ; elapsed = 00:00:00.009 . Memory (MB): peak = 882.527 ; gain = 0.000
---------------------------------------------------------------------------------
Finished Constraint Validation : Time (s): cpu = 00:00:17 ; elapsed = 00:00:19 . Memory (MB): peak = 882.527 ; gain = 343.535
---------------------------------------------------------------------------------
---------------------------------------------------------------------------------
Start Loading Part and Timing Information
---------------------------------------------------------------------------------
Loading part: xc7a100tcsg324-1
---------------------------------------------------------------------------------
Finished Loading Part and Timing Information : Time (s): cpu = 00:00:17 ; elapsed = 00:00:19 . Memory (MB): peak = 882.527 ; gain = 343.535
---------------------------------------------------------------------------------
---------------------------------------------------------------------------------
Start Applying 'set_property' XDC Constraints
---------------------------------------------------------------------------------
---------------------------------------------------------------------------------
Finished applying 'set_property' XDC Constraints : Time (s): cpu = 00:00:17 ; elapsed = 00:00:19 . Memory (MB): peak = 882.527 ; gain = 343.535
---------------------------------------------------------------------------------
---------------------------------------------------------------------------------
Finished RTL Optimization Phase 2 : Time (s): cpu = 00:00:18 ; elapsed = 00:00:19 . Memory (MB): peak = 882.527 ; gain = 343.535
---------------------------------------------------------------------------------

Report RTL Partitions: 
+-+--------------+------------+----------+
| |RTL Partition |Replication |Instances |
+-+--------------+------------+----------+
+-+--------------+------------+----------+
---------------------------------------------------------------------------------
Start RTL Component Statistics 
---------------------------------------------------------------------------------
Detailed RTL Component Info : 
+---Adders : 
	   2 Input      8 Bit       Adders := 3     
+---Registers : 
	                8 Bit    Registers := 3     
	                1 Bit    Registers := 4     
---------------------------------------------------------------------------------
Finished RTL Component Statistics 
---------------------------------------------------------------------------------
---------------------------------------------------------------------------------
Start RTL Hierarchical Component Statistics 
---------------------------------------------------------------------------------
Hierarchical RTL Component report 
Module create_1_HUNDR_clk 
Detailed RTL Component Info : 
+---Adders : 
	   2 Input      8 Bit       Adders := 1     
+---Registers : 
	                8 Bit    Registers := 1     
	                1 Bit    Registers := 1     
Module create_1_hz_clk 
Detailed RTL Component Info : 
+---Registers : 
	                1 Bit    Registers := 1     
---------------------------------------------------------------------------------
Finished RTL Hierarchical Component Statistics
---------------------------------------------------------------------------------
---------------------------------------------------------------------------------
Start Part Resource Summary
---------------------------------------------------------------------------------
Part Resources:
DSPs: 240 (col length:80)
BRAMs: 270 (col length: RAMB18 80 RAMB36 40)
---------------------------------------------------------------------------------
Finished Part Resource Summary
---------------------------------------------------------------------------------
---------------------------------------------------------------------------------
Start Cross Boundary and Area Optimization
---------------------------------------------------------------------------------
Warning: Parallel synthesis criteria is not met 
WARNING: [Synth 8-3331] design implement_clocks has unconnected port LED[15]
WARNING: [Synth 8-3331] design implement_clocks has unconnected port LED[14]
WARNING: [Synth 8-3331] design implement_clocks has unconnected port LED[13]
WARNING: [Synth 8-3331] design implement_clocks has unconnected port LED[12]
WARNING: [Synth 8-3331] design implement_clocks has unconnected port LED[11]
WARNING: [Synth 8-3331] design implement_clocks has unconnected port LED[10]
WARNING: [Synth 8-3331] design implement_clocks has unconnected port LED[9]
WARNING: [Synth 8-3331] design implement_clocks has unconnected port LED[8]
WARNING: [Synth 8-3331] design implement_clocks has unconnected port LED[7]
WARNING: [Synth 8-3331] design implement_clocks has unconnected port LED[6]
WARNING: [Synth 8-3331] design implement_clocks has unconnected port SW[1]
WARNING: [Synth 8-3331] design implement_clocks has unconnected port SW[0]
---------------------------------------------------------------------------------
Finished Cross Boundary and Area Optimization : Time (s): cpu = 00:00:20 ; elapsed = 00:00:22 . Memory (MB): peak = 882.527 ; gain = 343.535
---------------------------------------------------------------------------------

Report RTL Partitions: 
+-+--------------+------------+----------+
| |RTL Partition |Replication |Instances |
+-+--------------+------------+----------+
+-+--------------+------------+----------+
---------------------------------------------------------------------------------
Start Applying XDC Timing Constraints
---------------------------------------------------------------------------------
---------------------------------------------------------------------------------
Finished Applying XDC Timing Constraints : Time (s): cpu = 00:00:32 ; elapsed = 00:00:35 . Memory (MB): peak = 882.527 ; gain = 343.535
---------------------------------------------------------------------------------
---------------------------------------------------------------------------------
Start Timing Optimization
---------------------------------------------------------------------------------
---------------------------------------------------------------------------------
Finished Timing Optimization : Time (s): cpu = 00:00:33 ; elapsed = 00:00:35 . Memory (MB): peak = 897.566 ; gain = 358.574
---------------------------------------------------------------------------------

Report RTL Partitions: 
+-+--------------+------------+----------+
| |RTL Partition |Replication |Instances |
+-+--------------+------------+----------+
+-+--------------+------------+----------+
---------------------------------------------------------------------------------
Start Technology Mapping
---------------------------------------------------------------------------------
---------------------------------------------------------------------------------
Finished Technology Mapping : Time (s): cpu = 00:00:33 ; elapsed = 00:00:35 . Memory (MB): peak = 898.430 ; gain = 359.438
---------------------------------------------------------------------------------

Report RTL Partitions: 
+-+--------------+------------+----------+
| |RTL Partition |Replication |Instances |
+-+--------------+------------+----------+
+-+--------------+------------+----------+
---------------------------------------------------------------------------------
Start IO Insertion
---------------------------------------------------------------------------------
---------------------------------------------------------------------------------
Start Flattening Before IO Insertion
---------------------------------------------------------------------------------
---------------------------------------------------------------------------------
Finished Flattening Before IO Insertion
---------------------------------------------------------------------------------
---------------------------------------------------------------------------------
Start Final Netlist Cleanup
---------------------------------------------------------------------------------
---------------------------------------------------------------------------------
Finished Final Netlist Cleanup
---------------------------------------------------------------------------------
---------------------------------------------------------------------------------
Finished IO Insertion : Time (s): cpu = 00:00:37 ; elapsed = 00:00:39 . Memory (MB): peak = 905.191 ; gain = 366.199
---------------------------------------------------------------------------------

Report Check Netlist: 
+------+------------------+-------+---------+-------+------------------+
|      |Item              |Errors |Warnings |Status |Description       |
+------+------------------+-------+---------+-------+------------------+
|1     |multi_driven_nets |      0|        0|Passed |Multi driven nets |
+------+------------------+-------+---------+-------+------------------+
---------------------------------------------------------------------------------
Start Renaming Generated Instances
---------------------------------------------------------------------------------
---------------------------------------------------------------------------------
Finished Renaming Generated Instances : Time (s): cpu = 00:00:37 ; elapsed = 00:00:39 . Memory (MB): peak = 905.191 ; gain = 366.199
---------------------------------------------------------------------------------

Report RTL Partitions: 
+-+--------------+------------+----------+
| |RTL Partition |Replication |Instances |
+-+--------------+------------+----------+
+-+--------------+------------+----------+
---------------------------------------------------------------------------------
Start Rebuilding User Hierarchy
---------------------------------------------------------------------------------
---------------------------------------------------------------------------------
Finished Rebuilding User Hierarchy : Time (s): cpu = 00:00:37 ; elapsed = 00:00:39 . Memory (MB): peak = 905.191 ; gain = 366.199
---------------------------------------------------------------------------------
---------------------------------------------------------------------------------
Start Renaming Generated Ports
---------------------------------------------------------------------------------
---------------------------------------------------------------------------------
Finished Renaming Generated Ports : Time (s): cpu = 00:00:37 ; elapsed = 00:00:39 . Memory (MB): peak = 905.191 ; gain = 366.199
---------------------------------------------------------------------------------
---------------------------------------------------------------------------------
Start Handling Custom Attributes
---------------------------------------------------------------------------------
---------------------------------------------------------------------------------
Finished Handling Custom Attributes : Time (s): cpu = 00:00:37 ; elapsed = 00:00:39 . Memory (MB): peak = 905.191 ; gain = 366.199
---------------------------------------------------------------------------------
---------------------------------------------------------------------------------
Start Renaming Generated Nets
---------------------------------------------------------------------------------
---------------------------------------------------------------------------------
Finished Renaming Generated Nets : Time (s): cpu = 00:00:37 ; elapsed = 00:00:39 . Memory (MB): peak = 905.191 ; gain = 366.199
---------------------------------------------------------------------------------
---------------------------------------------------------------------------------
Start Writing Synthesis Report
---------------------------------------------------------------------------------

Report BlackBoxes: 
+-+--------------+----------+
| |BlackBox name |Instances |
+-+--------------+----------+
+-+--------------+----------+

Report Cell Usage: 
+------+-------+------+
|      |Cell   |Count |
+------+-------+------+
|1     |BUFG   |     1|
|2     |CARRY4 |     7|
|3     |LUT1   |     3|
|4     |LUT2   |    35|
|5     |LUT3   |     7|
|6     |LUT4   |    10|
|7     |LUT5   |     4|
|8     |LUT6   |    16|
|9     |FDRE   |    55|
|10    |IBUF   |     1|
|11    |OBUF   |     6|
|12    |OBUFT  |    10|
+------+-------+------+

Report Instance Areas: 
+------+-----------------+---------------------+------+
|      |Instance         |Module               |Cells |
+------+-----------------+---------------------+------+
|1     |top              |                     |   155|
|2     |  nolabel_line18 |create_1_HUNDR_clk   |    21|
|3     |  nolabel_line19 |create_1_HUNDR_clk_0 |    23|
|4     |  nolabel_line20 |create_1_HUNDR_clk_1 |    23|
|5     |  nolabel_line23 |create_1_hz_clk      |    70|
+------+-----------------+---------------------+------+
---------------------------------------------------------------------------------
Finished Writing Synthesis Report : Time (s): cpu = 00:00:37 ; elapsed = 00:00:39 . Memory (MB): peak = 905.191 ; gain = 366.199
---------------------------------------------------------------------------------
Synthesis finished with 0 errors, 0 critical warnings and 12 warnings.
Synthesis Optimization Runtime : Time (s): cpu = 00:00:25 ; elapsed = 00:00:35 . Memory (MB): peak = 905.191 ; gain = 242.246
Synthesis Optimization Complete : Time (s): cpu = 00:00:37 ; elapsed = 00:00:40 . Memory (MB): peak = 905.191 ; gain = 366.199
INFO: [Project 1-571] Translating synthesized netlist
INFO: [Netlist 29-17] Analyzing 7 Unisim elements for replacement
INFO: [Netlist 29-28] Unisim Transformation completed in 0 CPU seconds
INFO: [Project 1-570] Preparing netlist for logic optimization
INFO: [Opt 31-138] Pushed 0 inverter(s) to 0 load pin(s).
Netlist sorting complete. Time (s): cpu = 00:00:00 ; elapsed = 00:00:00 . Memory (MB): peak = 922.102 ; gain = 0.000
INFO: [Project 1-111] Unisim Transformation Summary:
No Unisim elements were transformed.

INFO: [Common 17-83] Releasing license: Synthesis
18 Infos, 50 Warnings, 14 Critical Warnings and 0 Errors encountered.
synth_design completed successfully
synth_design: Time (s): cpu = 00:00:46 ; elapsed = 00:00:49 . Memory (MB): peak = 922.102 ; gain = 631.230
Netlist sorting complete. Time (s): cpu = 00:00:00 ; elapsed = 00:00:00 . Memory (MB): peak = 922.102 ; gain = 0.000
WARNING: [Constraints 18-5210] No constraints selected for write.
Resolution: This message can indicate that there are no constraints for the design, or it can indicate that the used_in flags are set such that the constraints are ignored. This later case is used when running synth_design to not write synthesis constraints to the resulting checkpoint. Instead, project constraints are read when the synthesized design is opened.
INFO: [Common 17-1381] The checkpoint 'C:/Users/is2751zv/Documents/git/schoolWork/digitalCircuits/dc-lab8/new/332_Proj/lab1/lab1.runs/synth_1/implement_clocks.dcp' has been generated.
INFO: [runtcl-4] Executing : report_utilization -file implement_clocks_utilization_synth.rpt -pb implement_clocks_utilization_synth.pb
INFO: [Common 17-206] Exiting Vivado at Thu Nov 21 15:53:14 2019...
