#-----------------------------------------------------------
# Vivado v2019.1 (64-bit)
# SW Build 2552052 on Fri May 24 14:49:42 MDT 2019
# IP Build 2548770 on Fri May 24 18:01:18 MDT 2019
# Start of session at: Tue Oct 29 15:05:17 2019
# Process ID: 6904
# Current directory: C:/Users/is2751zv/Desktop/000labs/dc-lab5/project_2
# Command line: vivado.exe -gui_launcher_event rodinguilauncherevent5044 C:\Users\is2751zv\Desktop\000labs\dc-lab5\project_2\project_2.xpr
# Log file: C:/Users/is2751zv/Desktop/000labs/dc-lab5/project_2/vivado.log
# Journal file: C:/Users/is2751zv/Desktop/000labs/dc-lab5/project_2\vivado.jou
#-----------------------------------------------------------
start_gui
open_project C:/Users/is2751zv/Desktop/000labs/dc-lab5/project_2/project_2.xpr
Scanning sources...
Finished scanning sources
INFO: [IP_Flow 19-234] Refreshing IP repositories
INFO: [IP_Flow 19-1704] No user IP repositories specified
INFO: [IP_Flow 19-2313] Loaded Vivado IP repository 'C:/Xilinx/Vivado/2019.1/data/ip'.
open_project: Time (s): cpu = 00:00:22 ; elapsed = 00:00:13 . Memory (MB): peak = 694.777 ; gain = 90.926
update_compile_order -fileset sources_1
exit
INFO: [Common 17-206] Exiting Vivado at Tue Oct 29 15:07:22 2019...
