#-----------------------------------------------------------
# Vivado v2019.1 (64-bit)
# SW Build 2552052 on Fri May 24 14:49:42 MDT 2019
# IP Build 2548770 on Fri May 24 18:01:18 MDT 2019
# Start of session at: Tue Oct 22 13:20:29 2019
# Process ID: 95620
# Current directory: C:/Users/is2751zv/Pictures/332_Proj/lab1
# Command line: vivado.exe -gui_launcher_event rodinguilauncherevent63032 C:\Users\is2751zv\Pictures\332_Proj\lab1\lab1.xpr
# Log file: C:/Users/is2751zv/Pictures/332_Proj/lab1/vivado.log
# Journal file: C:/Users/is2751zv/Pictures/332_Proj/lab1\vivado.jou
#-----------------------------------------------------------
start_gui
open_project C:/Users/is2751zv/Pictures/332_Proj/lab1/lab1.xpr
INFO: [Project 1-313] Project file moved from 'C:/Users/hz2167xw/Desktop/332_Proj/lab1' since last save.
Scanning sources...
Finished scanning sources
INFO: [IP_Flow 19-234] Refreshing IP repositories
INFO: [IP_Flow 19-1704] No user IP repositories specified
INFO: [IP_Flow 19-2313] Loaded Vivado IP repository 'C:/Xilinx/Vivado/2019.1/data/ip'.
open_project: Time (s): cpu = 00:00:27 ; elapsed = 00:00:16 . Memory (MB): peak = 680.598 ; gain = 96.492
update_compile_order -fileset sources_1
exit
INFO: [Common 17-206] Exiting Vivado at Tue Oct 22 13:23:56 2019...
