#-----------------------------------------------------------
# Vivado v2019.1 (64-bit)
# SW Build 2552052 on Fri May 24 14:49:42 MDT 2019
# IP Build 2548770 on Fri May 24 18:01:18 MDT 2019
# Start of session at: Tue Nov 12 14:35:35 2019
# Process ID: 255728
# Current directory: C:/Users/is2751zv/Documents/git/schoolWork/digitalCircuits/dc-lab7/332_Proj/lab1
# Command line: vivado.exe -gui_launcher_event rodinguilauncherevent255772 C:\Users\is2751zv\Documents\git\schoolWork\digitalCircuits\dc-lab7\332_Proj\lab1\lab1.xpr
# Log file: C:/Users/is2751zv/Documents/git/schoolWork/digitalCircuits/dc-lab7/332_Proj/lab1/vivado.log
# Journal file: C:/Users/is2751zv/Documents/git/schoolWork/digitalCircuits/dc-lab7/332_Proj/lab1\vivado.jou
#-----------------------------------------------------------
start_gui
open_project C:/Users/is2751zv/Documents/git/schoolWork/digitalCircuits/dc-lab7/332_Proj/lab1/lab1.xpr
INFO: [Project 1-313] Project file moved from 'C:/Users/is2751zv/Desktop/000labs/dc-lab7/332_Proj/lab1' since last save.
Scanning sources...
Finished scanning sources
INFO: [IP_Flow 19-234] Refreshing IP repositories
INFO: [IP_Flow 19-1704] No user IP repositories specified
INFO: [IP_Flow 19-2313] Loaded Vivado IP repository 'C:/Xilinx/Vivado/2019.1/data/ip'.
open_project: Time (s): cpu = 00:00:26 ; elapsed = 00:00:13 . Memory (MB): peak = 732.094 ; gain = 128.039
update_compile_order -fileset sources_1
WARNING: [Common 17-9] Error reading message records.
WARNING: [Common 17-9] Error reading message records.
WARNING: [Common 17-9] Error reading message records.
WARNING: [Common 17-9] Error reading message records.
WARNING: [Common 17-9] Error reading message records.
WARNING: [Common 17-9] Error reading message records.
WARNING: [Common 17-9] Error reading message records.
WARNING: [Common 17-9] Error reading message records.
exit
INFO: [Common 17-206] Exiting Vivado at Tue Nov 12 14:48:23 2019...
