
*** Running vivado
    with args -log implement_clocks.vds -m64 -product Vivado -mode batch -messageDb vivado.pb -notrace -source implement_clocks.tcl


****** Vivado v2019.1 (64-bit)
  **** SW Build 2552052 on Fri May 24 14:49:42 MDT 2019
  **** IP Build 2548770 on Fri May 24 18:01:18 MDT 2019
    ** Copyright 1986-2019 Xilinx, Inc. All Rights Reserved.

source implement_clocks.tcl -notrace
Command: synth_design -top implement_clocks -part xc7a100tcsg324-1
Starting synth_design
Attempting to get a license for feature 'Synthesis' and/or device 'xc7a100t'
INFO: [Common 17-349] Got license for feature 'Synthesis' and/or device 'xc7a100t'
INFO: [Device 21-403] Loading part xc7a100tcsg324-1
INFO: Launching helper process for spawning children vivado processes
INFO: Helper process launched with PID 6128 
WARNING: [Synth 8-2539] port LED must not be declared to be an array [C:/Users/is2751zv/Documents/git/schoolWork/digitalCircuits/dc-lab8/new/332_Proj/lab1/lab1.srcs/sources_1/imports/332_Proj/lab1.v:8]
---------------------------------------------------------------------------------
Starting RTL Elaboration : Time (s): cpu = 00:00:04 ; elapsed = 00:00:04 . Memory (MB): peak = 721.305 ; gain = 182.734
---------------------------------------------------------------------------------
INFO: [Synth 8-6157] synthesizing module 'implement_clocks' [C:/Users/is2751zv/Documents/git/schoolWork/digitalCircuits/dc-lab8/new/332_Proj/lab1/lab1.srcs/sources_1/imports/332_Proj/lab1.v:5]
INFO: [Synth 8-6157] synthesizing module 'create_1_hz_counter' [C:/Users/is2751zv/Documents/git/schoolWork/digitalCircuits/dc-lab8/new/332_Proj/lab1/lab1.srcs/sources_1/imports/332_Proj/lab1.v:33]
INFO: [Synth 8-6155] done synthesizing module 'create_1_hz_counter' (1#1) [C:/Users/is2751zv/Documents/git/schoolWork/digitalCircuits/dc-lab8/new/332_Proj/lab1/lab1.srcs/sources_1/imports/332_Proj/lab1.v:33]
INFO: [Synth 8-6155] done synthesizing module 'implement_clocks' (2#1) [C:/Users/is2751zv/Documents/git/schoolWork/digitalCircuits/dc-lab8/new/332_Proj/lab1/lab1.srcs/sources_1/imports/332_Proj/lab1.v:5]
WARNING: [Synth 8-3331] design implement_clocks has unconnected port SW[1]
---------------------------------------------------------------------------------
Finished RTL Elaboration : Time (s): cpu = 00:00:05 ; elapsed = 00:00:05 . Memory (MB): peak = 758.488 ; gain = 219.918
---------------------------------------------------------------------------------

Report Check Netlist: 
+------+------------------+-------+---------+-------+------------------+
|      |Item              |Errors |Warnings |Status |Description       |
+------+------------------+-------+---------+-------+------------------+
|1     |multi_driven_nets |      0|        0|Passed |Multi driven nets |
+------+------------------+-------+---------+-------+------------------+
---------------------------------------------------------------------------------
Start Handling Custom Attributes
---------------------------------------------------------------------------------
---------------------------------------------------------------------------------
Finished Handling Custom Attributes : Time (s): cpu = 00:00:05 ; elapsed = 00:00:06 . Memory (MB): peak = 758.488 ; gain = 219.918
---------------------------------------------------------------------------------
---------------------------------------------------------------------------------
Finished RTL Optimization Phase 1 : Time (s): cpu = 00:00:05 ; elapsed = 00:00:06 . Memory (MB): peak = 758.488 ; gain = 219.918
---------------------------------------------------------------------------------
INFO: [Project 1-570] Preparing netlist for logic optimization

Processing XDC Constraints
Initializing timing engine
Parsing XDC File [C:/Users/is2751zv/Documents/git/schoolWork/digitalCircuits/dc-lab8/new/332_Proj/lab1/lab1.srcs/constrs_1/imports/332_Proj/lab1_nexys4_ddr.xdc]
WARNING: [Vivado 12-584] No ports matched 'SW[2]'. [C:/Users/is2751zv/Documents/git/schoolWork/digitalCircuits/dc-lab8/new/332_Proj/lab1/lab1.srcs/constrs_1/imports/332_Proj/lab1_nexys4_ddr.xdc:15]
CRITICAL WARNING: [Common 17-55] 'set_property' expects at least one object. [C:/Users/is2751zv/Documents/git/schoolWork/digitalCircuits/dc-lab8/new/332_Proj/lab1/lab1.srcs/constrs_1/imports/332_Proj/lab1_nexys4_ddr.xdc:15]
Resolution: If [get_<value>] was used to populate the object, check to make sure this command returns at least one valid object.
WARNING: [Vivado 12-584] No ports matched 'SW[3]'. [C:/Users/is2751zv/Documents/git/schoolWork/digitalCircuits/dc-lab8/new/332_Proj/lab1/lab1.srcs/constrs_1/imports/332_Proj/lab1_nexys4_ddr.xdc:16]
CRITICAL WARNING: [Common 17-55] 'set_property' expects at least one object. [C:/Users/is2751zv/Documents/git/schoolWork/digitalCircuits/dc-lab8/new/332_Proj/lab1/lab1.srcs/constrs_1/imports/332_Proj/lab1_nexys4_ddr.xdc:16]
Resolution: If [get_<value>] was used to populate the object, check to make sure this command returns at least one valid object.
WARNING: [Vivado 12-584] No ports matched 'SW[4]'. [C:/Users/is2751zv/Documents/git/schoolWork/digitalCircuits/dc-lab8/new/332_Proj/lab1/lab1.srcs/constrs_1/imports/332_Proj/lab1_nexys4_ddr.xdc:17]
CRITICAL WARNING: [Common 17-55] 'set_property' expects at least one object. [C:/Users/is2751zv/Documents/git/schoolWork/digitalCircuits/dc-lab8/new/332_Proj/lab1/lab1.srcs/constrs_1/imports/332_Proj/lab1_nexys4_ddr.xdc:17]
Resolution: If [get_<value>] was used to populate the object, check to make sure this command returns at least one valid object.
WARNING: [Vivado 12-584] No ports matched 'SW[5]'. [C:/Users/is2751zv/Documents/git/schoolWork/digitalCircuits/dc-lab8/new/332_Proj/lab1/lab1.srcs/constrs_1/imports/332_Proj/lab1_nexys4_ddr.xdc:18]
CRITICAL WARNING: [Common 17-55] 'set_property' expects at least one object. [C:/Users/is2751zv/Documents/git/schoolWork/digitalCircuits/dc-lab8/new/332_Proj/lab1/lab1.srcs/constrs_1/imports/332_Proj/lab1_nexys4_ddr.xdc:18]
Resolution: If [get_<value>] was used to populate the object, check to make sure this command returns at least one valid object.
WARNING: [Vivado 12-584] No ports matched 'SW[6]'. [C:/Users/is2751zv/Documents/git/schoolWork/digitalCircuits/dc-lab8/new/332_Proj/lab1/lab1.srcs/constrs_1/imports/332_Proj/lab1_nexys4_ddr.xdc:19]
CRITICAL WARNING: [Common 17-55] 'set_property' expects at least one object. [C:/Users/is2751zv/Documents/git/schoolWork/digitalCircuits/dc-lab8/new/332_Proj/lab1/lab1.srcs/constrs_1/imports/332_Proj/lab1_nexys4_ddr.xdc:19]
Resolution: If [get_<value>] was used to populate the object, check to make sure this command returns at least one valid object.
WARNING: [Vivado 12-584] No ports matched 'SW[7]'. [C:/Users/is2751zv/Documents/git/schoolWork/digitalCircuits/dc-lab8/new/332_Proj/lab1/lab1.srcs/constrs_1/imports/332_Proj/lab1_nexys4_ddr.xdc:20]
CRITICAL WARNING: [Common 17-55] 'set_property' expects at least one object. [C:/Users/is2751zv/Documents/git/schoolWork/digitalCircuits/dc-lab8/new/332_Proj/lab1/lab1.srcs/constrs_1/imports/332_Proj/lab1_nexys4_ddr.xdc:20]
Resolution: If [get_<value>] was used to populate the object, check to make sure this command returns at least one valid object.
WARNING: [Vivado 12-584] No ports matched 'SW[8]'. [C:/Users/is2751zv/Documents/git/schoolWork/digitalCircuits/dc-lab8/new/332_Proj/lab1/lab1.srcs/constrs_1/imports/332_Proj/lab1_nexys4_ddr.xdc:21]
CRITICAL WARNING: [Common 17-55] 'set_property' expects at least one object. [C:/Users/is2751zv/Documents/git/schoolWork/digitalCircuits/dc-lab8/new/332_Proj/lab1/lab1.srcs/constrs_1/imports/332_Proj/lab1_nexys4_ddr.xdc:21]
Resolution: If [get_<value>] was used to populate the object, check to make sure this command returns at least one valid object.
WARNING: [Vivado 12-584] No ports matched 'SW[9]'. [C:/Users/is2751zv/Documents/git/schoolWork/digitalCircuits/dc-lab8/new/332_Proj/lab1/lab1.srcs/constrs_1/imports/332_Proj/lab1_nexys4_ddr.xdc:22]
CRITICAL WARNING: [Common 17-55] 'set_property' expects at least one object. [C:/Users/is2751zv/Documents/git/schoolWork/digitalCircuits/dc-lab8/new/332_Proj/lab1/lab1.srcs/constrs_1/imports/332_Proj/lab1_nexys4_ddr.xdc:22]
Resolution: If [get_<value>] was used to populate the object, check to make sure this command returns at least one valid object.
WARNING: [Vivado 12-584] No ports matched 'SW[10]'. [C:/Users/is2751zv/Documents/git/schoolWork/digitalCircuits/dc-lab8/new/332_Proj/lab1/lab1.srcs/constrs_1/imports/332_Proj/lab1_nexys4_ddr.xdc:23]
CRITICAL WARNING: [Common 17-55] 'set_property' expects at least one object. [C:/Users/is2751zv/Documents/git/schoolWork/digitalCircuits/dc-lab8/new/332_Proj/lab1/lab1.srcs/constrs_1/imports/332_Proj/lab1_nexys4_ddr.xdc:23]
Resolution: If [get_<value>] was used to populate the object, check to make sure this command returns at least one valid object.
WARNING: [Vivado 12-584] No ports matched 'SW[11]'. [C:/Users/is2751zv/Documents/git/schoolWork/digitalCircuits/dc-lab8/new/332_Proj/lab1/lab1.srcs/constrs_1/imports/332_Proj/lab1_nexys4_ddr.xdc:24]
CRITICAL WARNING: [Common 17-55] 'set_property' expects at least one object. [C:/Users/is2751zv/Documents/git/schoolWork/digitalCircuits/dc-lab8/new/332_Proj/lab1/lab1.srcs/constrs_1/imports/332_Proj/lab1_nexys4_ddr.xdc:24]
Resolution: If [get_<value>] was used to populate the object, check to make sure this command returns at least one valid object.
WARNING: [Vivado 12-584] No ports matched 'SW[12]'. [C:/Users/is2751zv/Documents/git/schoolWork/digitalCircuits/dc-lab8/new/332_Proj/lab1/lab1.srcs/constrs_1/imports/332_Proj/lab1_nexys4_ddr.xdc:25]
CRITICAL WARNING: [Common 17-55] 'set_property' expects at least one object. [C:/Users/is2751zv/Documents/git/schoolWork/digitalCircuits/dc-lab8/new/332_Proj/lab1/lab1.srcs/constrs_1/imports/332_Proj/lab1_nexys4_ddr.xdc:25]
Resolution: If [get_<value>] was used to populate the object, check to make sure this command returns at least one valid object.
WARNING: [Vivado 12-584] No ports matched 'SW[13]'. [C:/Users/is2751zv/Documents/git/schoolWork/digitalCircuits/dc-lab8/new/332_Proj/lab1/lab1.srcs/constrs_1/imports/332_Proj/lab1_nexys4_ddr.xdc:26]
CRITICAL WARNING: [Common 17-55] 'set_property' expects at least one object. [C:/Users/is2751zv/Documents/git/schoolWork/digitalCircuits/dc-lab8/new/332_Proj/lab1/lab1.srcs/constrs_1/imports/332_Proj/lab1_nexys4_ddr.xdc:26]
Resolution: If [get_<value>] was used to populate the object, check to make sure this command returns at least one valid object.
WARNING: [Vivado 12-584] No ports matched 'SW[14]'. [C:/Users/is2751zv/Documents/git/schoolWork/digitalCircuits/dc-lab8/new/332_Proj/lab1/lab1.srcs/constrs_1/imports/332_Proj/lab1_nexys4_ddr.xdc:27]
CRITICAL WARNING: [Common 17-55] 'set_property' expects at least one object. [C:/Users/is2751zv/Documents/git/schoolWork/digitalCircuits/dc-lab8/new/332_Proj/lab1/lab1.srcs/constrs_1/imports/332_Proj/lab1_nexys4_ddr.xdc:27]
Resolution: If [get_<value>] was used to populate the object, check to make sure this command returns at least one valid object.
WARNING: [Vivado 12-584] No ports matched 'SW[15]'. [C:/Users/is2751zv/Documents/git/schoolWork/digitalCircuits/dc-lab8/new/332_Proj/lab1/lab1.srcs/constrs_1/imports/332_Proj/lab1_nexys4_ddr.xdc:28]
CRITICAL WARNING: [Common 17-55] 'set_property' expects at least one object. [C:/Users/is2751zv/Documents/git/schoolWork/digitalCircuits/dc-lab8/new/332_Proj/lab1/lab1.srcs/constrs_1/imports/332_Proj/lab1_nexys4_ddr.xdc:28]
Resolution: If [get_<value>] was used to populate the object, check to make sure this command returns at least one valid object.
Finished Parsing XDC File [C:/Users/is2751zv/Documents/git/schoolWork/digitalCircuits/dc-lab8/new/332_Proj/lab1/lab1.srcs/constrs_1/imports/332_Proj/lab1_nexys4_ddr.xdc]
INFO: [Project 1-236] Implementation specific constraints were found while reading constraint file [C:/Users/is2751zv/Documents/git/schoolWork/digitalCircuits/dc-lab8/new/332_Proj/lab1/lab1.srcs/constrs_1/imports/332_Proj/lab1_nexys4_ddr.xdc]. These constraints will be ignored for synthesis but will be used in implementation. Impacted constraints are listed in the file [.Xil/implement_clocks_propImpl.xdc].
Resolution: To avoid this warning, move constraints listed in [.Xil/implement_clocks_propImpl.xdc] to another XDC file and exclude this new file from synthesis with the used_in_synthesis property (File Properties dialog in GUI) and re-run elaboration/synthesis.
Completed Processing XDC Constraints

Netlist sorting complete. Time (s): cpu = 00:00:00 ; elapsed = 00:00:00 . Memory (MB): peak = 864.223 ; gain = 0.000
INFO: [Project 1-111] Unisim Transformation Summary:
No Unisim elements were transformed.

Constraint Validation Runtime : Time (s): cpu = 00:00:00 ; elapsed = 00:00:00.012 . Memory (MB): peak = 864.223 ; gain = 0.000
---------------------------------------------------------------------------------
Finished Constraint Validation : Time (s): cpu = 00:00:11 ; elapsed = 00:00:12 . Memory (MB): peak = 864.223 ; gain = 325.652
---------------------------------------------------------------------------------
---------------------------------------------------------------------------------
Start Loading Part and Timing Information
---------------------------------------------------------------------------------
Loading part: xc7a100tcsg324-1
---------------------------------------------------------------------------------
Finished Loading Part and Timing Information : Time (s): cpu = 00:00:11 ; elapsed = 00:00:12 . Memory (MB): peak = 864.223 ; gain = 325.652
---------------------------------------------------------------------------------
---------------------------------------------------------------------------------
Start Applying 'set_property' XDC Constraints
---------------------------------------------------------------------------------
---------------------------------------------------------------------------------
Finished applying 'set_property' XDC Constraints : Time (s): cpu = 00:00:11 ; elapsed = 00:00:12 . Memory (MB): peak = 864.223 ; gain = 325.652
---------------------------------------------------------------------------------
---------------------------------------------------------------------------------
Finished RTL Optimization Phase 2 : Time (s): cpu = 00:00:12 ; elapsed = 00:00:13 . Memory (MB): peak = 864.223 ; gain = 325.652
---------------------------------------------------------------------------------

Report RTL Partitions: 
+-+--------------+------------+----------+
| |RTL Partition |Replication |Instances |
+-+--------------+------------+----------+
+-+--------------+------------+----------+
---------------------------------------------------------------------------------
Start RTL Component Statistics 
---------------------------------------------------------------------------------
Detailed RTL Component Info : 
+---Adders : 
	   2 Input     64 Bit       Adders := 1     
+---Registers : 
	               64 Bit    Registers := 1     
+---Muxes : 
	   2 Input     64 Bit        Muxes := 1     
---------------------------------------------------------------------------------
Finished RTL Component Statistics 
---------------------------------------------------------------------------------
---------------------------------------------------------------------------------
Start RTL Hierarchical Component Statistics 
---------------------------------------------------------------------------------
Hierarchical RTL Component report 
Module create_1_hz_counter 
Detailed RTL Component Info : 
+---Adders : 
	   2 Input     64 Bit       Adders := 1     
+---Registers : 
	               64 Bit    Registers := 1     
+---Muxes : 
	   2 Input     64 Bit        Muxes := 1     
---------------------------------------------------------------------------------
Finished RTL Hierarchical Component Statistics
---------------------------------------------------------------------------------
---------------------------------------------------------------------------------
Start Part Resource Summary
---------------------------------------------------------------------------------
Part Resources:
DSPs: 240 (col length:80)
BRAMs: 270 (col length: RAMB18 80 RAMB36 40)
---------------------------------------------------------------------------------
Finished Part Resource Summary
---------------------------------------------------------------------------------
---------------------------------------------------------------------------------
Start Cross Boundary and Area Optimization
---------------------------------------------------------------------------------
Warning: Parallel synthesis criteria is not met 
WARNING: [Synth 8-3331] design implement_clocks has unconnected port SW[1]
---------------------------------------------------------------------------------
Finished Cross Boundary and Area Optimization : Time (s): cpu = 00:00:14 ; elapsed = 00:00:16 . Memory (MB): peak = 864.223 ; gain = 325.652
---------------------------------------------------------------------------------

Report RTL Partitions: 
+-+--------------+------------+----------+
| |RTL Partition |Replication |Instances |
+-+--------------+------------+----------+
+-+--------------+------------+----------+
---------------------------------------------------------------------------------
Start Applying XDC Timing Constraints
---------------------------------------------------------------------------------
---------------------------------------------------------------------------------
Finished Applying XDC Timing Constraints : Time (s): cpu = 00:00:22 ; elapsed = 00:00:24 . Memory (MB): peak = 877.594 ; gain = 339.023
---------------------------------------------------------------------------------
---------------------------------------------------------------------------------
Start Timing Optimization
---------------------------------------------------------------------------------
---------------------------------------------------------------------------------
Finished Timing Optimization : Time (s): cpu = 00:00:23 ; elapsed = 00:00:25 . Memory (MB): peak = 915.000 ; gain = 376.430
---------------------------------------------------------------------------------

Report RTL Partitions: 
+-+--------------+------------+----------+
| |RTL Partition |Replication |Instances |
+-+--------------+------------+----------+
+-+--------------+------------+----------+
---------------------------------------------------------------------------------
Start Technology Mapping
---------------------------------------------------------------------------------
---------------------------------------------------------------------------------
Finished Technology Mapping : Time (s): cpu = 00:00:23 ; elapsed = 00:00:25 . Memory (MB): peak = 915.000 ; gain = 376.430
---------------------------------------------------------------------------------

Report RTL Partitions: 
+-+--------------+------------+----------+
| |RTL Partition |Replication |Instances |
+-+--------------+------------+----------+
+-+--------------+------------+----------+
---------------------------------------------------------------------------------
Start IO Insertion
---------------------------------------------------------------------------------
---------------------------------------------------------------------------------
Start Flattening Before IO Insertion
---------------------------------------------------------------------------------
---------------------------------------------------------------------------------
Finished Flattening Before IO Insertion
---------------------------------------------------------------------------------
---------------------------------------------------------------------------------
Start Final Netlist Cleanup
---------------------------------------------------------------------------------
---------------------------------------------------------------------------------
Finished Final Netlist Cleanup
---------------------------------------------------------------------------------
---------------------------------------------------------------------------------
Finished IO Insertion : Time (s): cpu = 00:00:25 ; elapsed = 00:00:27 . Memory (MB): peak = 918.793 ; gain = 380.223
---------------------------------------------------------------------------------

Report Check Netlist: 
+------+------------------+-------+---------+-------+------------------+
|      |Item              |Errors |Warnings |Status |Description       |
+------+------------------+-------+---------+-------+------------------+
|1     |multi_driven_nets |      0|        0|Passed |Multi driven nets |
+------+------------------+-------+---------+-------+------------------+
---------------------------------------------------------------------------------
Start Renaming Generated Instances
---------------------------------------------------------------------------------
---------------------------------------------------------------------------------
Finished Renaming Generated Instances : Time (s): cpu = 00:00:25 ; elapsed = 00:00:27 . Memory (MB): peak = 918.793 ; gain = 380.223
---------------------------------------------------------------------------------

Report RTL Partitions: 
+-+--------------+------------+----------+
| |RTL Partition |Replication |Instances |
+-+--------------+------------+----------+
+-+--------------+------------+----------+
---------------------------------------------------------------------------------
Start Rebuilding User Hierarchy
---------------------------------------------------------------------------------
---------------------------------------------------------------------------------
Finished Rebuilding User Hierarchy : Time (s): cpu = 00:00:25 ; elapsed = 00:00:27 . Memory (MB): peak = 918.793 ; gain = 380.223
---------------------------------------------------------------------------------
---------------------------------------------------------------------------------
Start Renaming Generated Ports
---------------------------------------------------------------------------------
---------------------------------------------------------------------------------
Finished Renaming Generated Ports : Time (s): cpu = 00:00:25 ; elapsed = 00:00:27 . Memory (MB): peak = 918.793 ; gain = 380.223
---------------------------------------------------------------------------------
---------------------------------------------------------------------------------
Start Handling Custom Attributes
---------------------------------------------------------------------------------
---------------------------------------------------------------------------------
Finished Handling Custom Attributes : Time (s): cpu = 00:00:25 ; elapsed = 00:00:27 . Memory (MB): peak = 918.793 ; gain = 380.223
---------------------------------------------------------------------------------
---------------------------------------------------------------------------------
Start Renaming Generated Nets
---------------------------------------------------------------------------------
---------------------------------------------------------------------------------
Finished Renaming Generated Nets : Time (s): cpu = 00:00:25 ; elapsed = 00:00:27 . Memory (MB): peak = 918.793 ; gain = 380.223
---------------------------------------------------------------------------------
---------------------------------------------------------------------------------
Start Writing Synthesis Report
---------------------------------------------------------------------------------

Report BlackBoxes: 
+-+--------------+----------+
| |BlackBox name |Instances |
+-+--------------+----------+
+-+--------------+----------+

Report Cell Usage: 
+------+-------+------+
|      |Cell   |Count |
+------+-------+------+
|1     |BUFG   |     1|
|2     |CARRY4 |    20|
|3     |LUT1   |     2|
|4     |LUT2   |     1|
|5     |LUT4   |    14|
|6     |LUT5   |     4|
|7     |LUT6   |     1|
|8     |FDRE   |    80|
|9     |IBUF   |     2|
|10    |OBUF   |    16|
+------+-------+------+

Report Instance Areas: 
+------+-----------------+--------------------+------+
|      |Instance         |Module              |Cells |
+------+-----------------+--------------------+------+
|1     |top              |                    |   141|
|2     |  nolabel_line13 |create_1_hz_counter |   122|
+------+-----------------+--------------------+------+
---------------------------------------------------------------------------------
Finished Writing Synthesis Report : Time (s): cpu = 00:00:25 ; elapsed = 00:00:27 . Memory (MB): peak = 918.793 ; gain = 380.223
---------------------------------------------------------------------------------
Synthesis finished with 0 errors, 0 critical warnings and 1 warnings.
Synthesis Optimization Runtime : Time (s): cpu = 00:00:19 ; elapsed = 00:00:25 . Memory (MB): peak = 918.793 ; gain = 274.488
Synthesis Optimization Complete : Time (s): cpu = 00:00:26 ; elapsed = 00:00:27 . Memory (MB): peak = 918.793 ; gain = 380.223
INFO: [Project 1-571] Translating synthesized netlist
INFO: [Netlist 29-17] Analyzing 20 Unisim elements for replacement
INFO: [Netlist 29-28] Unisim Transformation completed in 0 CPU seconds
INFO: [Project 1-570] Preparing netlist for logic optimization
INFO: [Opt 31-138] Pushed 0 inverter(s) to 0 load pin(s).
Netlist sorting complete. Time (s): cpu = 00:00:00 ; elapsed = 00:00:00 . Memory (MB): peak = 918.793 ; gain = 0.000
INFO: [Project 1-111] Unisim Transformation Summary:
No Unisim elements were transformed.

INFO: [Common 17-83] Releasing license: Synthesis
16 Infos, 17 Warnings, 14 Critical Warnings and 0 Errors encountered.
synth_design completed successfully
synth_design: Time (s): cpu = 00:00:32 ; elapsed = 00:00:34 . Memory (MB): peak = 918.793 ; gain = 630.113
Netlist sorting complete. Time (s): cpu = 00:00:00 ; elapsed = 00:00:00 . Memory (MB): peak = 918.793 ; gain = 0.000
WARNING: [Constraints 18-5210] No constraints selected for write.
Resolution: This message can indicate that there are no constraints for the design, or it can indicate that the used_in flags are set such that the constraints are ignored. This later case is used when running synth_design to not write synthesis constraints to the resulting checkpoint. Instead, project constraints are read when the synthesized design is opened.
INFO: [Common 17-1381] The checkpoint 'C:/Users/is2751zv/Documents/git/schoolWork/digitalCircuits/dc-lab8/new/332_Proj/lab1/lab1.runs/synth_1/implement_clocks.dcp' has been generated.
INFO: [runtcl-4] Executing : report_utilization -file implement_clocks_utilization_synth.rpt -pb implement_clocks_utilization_synth.pb
INFO: [Common 17-206] Exiting Vivado at Tue Dec  3 15:38:18 2019...
