
*** Running vivado
    with args -log lab1.vds -m64 -product Vivado -mode batch -messageDb vivado.pb -notrace -source lab1.tcl


****** Vivado v2019.1 (64-bit)
  **** SW Build 2552052 on Fri May 24 14:49:42 MDT 2019
  **** IP Build 2548770 on Fri May 24 18:01:18 MDT 2019
    ** Copyright 1986-2019 Xilinx, Inc. All Rights Reserved.

source lab1.tcl -notrace
Command: synth_design -top lab1 -part xc7a100ticsg324-1L
Starting synth_design
Attempting to get a license for feature 'Synthesis' and/or device 'xc7a100ti'
INFO: [Common 17-349] Got license for feature 'Synthesis' and/or device 'xc7a100ti'
INFO: [Device 21-403] Loading part xc7a100ticsg324-1L
INFO: Launching helper process for spawning children vivado processes
INFO: Helper process launched with PID 22048 
---------------------------------------------------------------------------------
Starting RTL Elaboration : Time (s): cpu = 00:00:05 ; elapsed = 00:00:07 . Memory (MB): peak = 717.184 ; gain = 178.719
---------------------------------------------------------------------------------
INFO: [Synth 8-6157] synthesizing module 'lab1' [C:/Users/is2751zv/Desktop/000labs/dc-lab5/lab5/lab5.srcs/sources_1/imports/lab1/lab1.v:7]
INFO: [Synth 8-6155] done synthesizing module 'lab1' (1#1) [C:/Users/is2751zv/Desktop/000labs/dc-lab5/lab5/lab5.srcs/sources_1/imports/lab1/lab1.v:7]
---------------------------------------------------------------------------------
Finished RTL Elaboration : Time (s): cpu = 00:00:06 ; elapsed = 00:00:08 . Memory (MB): peak = 780.688 ; gain = 242.223
---------------------------------------------------------------------------------

Report Check Netlist: 
+------+------------------+-------+---------+-------+------------------+
|      |Item              |Errors |Warnings |Status |Description       |
+------+------------------+-------+---------+-------+------------------+
|1     |multi_driven_nets |      0|        0|Passed |Multi driven nets |
+------+------------------+-------+---------+-------+------------------+
---------------------------------------------------------------------------------
Start Handling Custom Attributes
---------------------------------------------------------------------------------
---------------------------------------------------------------------------------
Finished Handling Custom Attributes : Time (s): cpu = 00:00:06 ; elapsed = 00:00:09 . Memory (MB): peak = 781.367 ; gain = 242.902
---------------------------------------------------------------------------------
---------------------------------------------------------------------------------
Finished RTL Optimization Phase 1 : Time (s): cpu = 00:00:06 ; elapsed = 00:00:09 . Memory (MB): peak = 781.367 ; gain = 242.902
---------------------------------------------------------------------------------
INFO: [Project 1-570] Preparing netlist for logic optimization

Processing XDC Constraints
Initializing timing engine
Parsing XDC File [C:/Users/is2751zv/Desktop/000labs/dc-lab5/lab5/lab5.srcs/constrs_1/imports/Lab_4_source_files/lab1_nexys4_ddr.xdc]
WARNING: [Vivado 12-584] No ports matched 'swt[0]'. [C:/Users/is2751zv/Desktop/000labs/dc-lab5/lab5/lab5.srcs/constrs_1/imports/Lab_4_source_files/lab1_nexys4_ddr.xdc:5]
CRITICAL WARNING: [Common 17-55] 'set_property' expects at least one object. [C:/Users/is2751zv/Desktop/000labs/dc-lab5/lab5/lab5.srcs/constrs_1/imports/Lab_4_source_files/lab1_nexys4_ddr.xdc:5]
Resolution: If [get_<value>] was used to populate the object, check to make sure this command returns at least one valid object.
WARNING: [Vivado 12-584] No ports matched 'swt[1]'. [C:/Users/is2751zv/Desktop/000labs/dc-lab5/lab5/lab5.srcs/constrs_1/imports/Lab_4_source_files/lab1_nexys4_ddr.xdc:6]
CRITICAL WARNING: [Common 17-55] 'set_property' expects at least one object. [C:/Users/is2751zv/Desktop/000labs/dc-lab5/lab5/lab5.srcs/constrs_1/imports/Lab_4_source_files/lab1_nexys4_ddr.xdc:6]
Resolution: If [get_<value>] was used to populate the object, check to make sure this command returns at least one valid object.
WARNING: [Vivado 12-584] No ports matched 'swt[2]'. [C:/Users/is2751zv/Desktop/000labs/dc-lab5/lab5/lab5.srcs/constrs_1/imports/Lab_4_source_files/lab1_nexys4_ddr.xdc:7]
CRITICAL WARNING: [Common 17-55] 'set_property' expects at least one object. [C:/Users/is2751zv/Desktop/000labs/dc-lab5/lab5/lab5.srcs/constrs_1/imports/Lab_4_source_files/lab1_nexys4_ddr.xdc:7]
Resolution: If [get_<value>] was used to populate the object, check to make sure this command returns at least one valid object.
WARNING: [Vivado 12-584] No ports matched 'swt[3]'. [C:/Users/is2751zv/Desktop/000labs/dc-lab5/lab5/lab5.srcs/constrs_1/imports/Lab_4_source_files/lab1_nexys4_ddr.xdc:8]
CRITICAL WARNING: [Common 17-55] 'set_property' expects at least one object. [C:/Users/is2751zv/Desktop/000labs/dc-lab5/lab5/lab5.srcs/constrs_1/imports/Lab_4_source_files/lab1_nexys4_ddr.xdc:8]
Resolution: If [get_<value>] was used to populate the object, check to make sure this command returns at least one valid object.
WARNING: [Vivado 12-584] No ports matched 'swt[4]'. [C:/Users/is2751zv/Desktop/000labs/dc-lab5/lab5/lab5.srcs/constrs_1/imports/Lab_4_source_files/lab1_nexys4_ddr.xdc:9]
CRITICAL WARNING: [Common 17-55] 'set_property' expects at least one object. [C:/Users/is2751zv/Desktop/000labs/dc-lab5/lab5/lab5.srcs/constrs_1/imports/Lab_4_source_files/lab1_nexys4_ddr.xdc:9]
Resolution: If [get_<value>] was used to populate the object, check to make sure this command returns at least one valid object.
WARNING: [Vivado 12-584] No ports matched 'swt[5]'. [C:/Users/is2751zv/Desktop/000labs/dc-lab5/lab5/lab5.srcs/constrs_1/imports/Lab_4_source_files/lab1_nexys4_ddr.xdc:10]
CRITICAL WARNING: [Common 17-55] 'set_property' expects at least one object. [C:/Users/is2751zv/Desktop/000labs/dc-lab5/lab5/lab5.srcs/constrs_1/imports/Lab_4_source_files/lab1_nexys4_ddr.xdc:10]
Resolution: If [get_<value>] was used to populate the object, check to make sure this command returns at least one valid object.
WARNING: [Vivado 12-584] No ports matched 'swt[6]'. [C:/Users/is2751zv/Desktop/000labs/dc-lab5/lab5/lab5.srcs/constrs_1/imports/Lab_4_source_files/lab1_nexys4_ddr.xdc:11]
CRITICAL WARNING: [Common 17-55] 'set_property' expects at least one object. [C:/Users/is2751zv/Desktop/000labs/dc-lab5/lab5/lab5.srcs/constrs_1/imports/Lab_4_source_files/lab1_nexys4_ddr.xdc:11]
Resolution: If [get_<value>] was used to populate the object, check to make sure this command returns at least one valid object.
WARNING: [Vivado 12-584] No ports matched 'swt[7]'. [C:/Users/is2751zv/Desktop/000labs/dc-lab5/lab5/lab5.srcs/constrs_1/imports/Lab_4_source_files/lab1_nexys4_ddr.xdc:12]
CRITICAL WARNING: [Common 17-55] 'set_property' expects at least one object. [C:/Users/is2751zv/Desktop/000labs/dc-lab5/lab5/lab5.srcs/constrs_1/imports/Lab_4_source_files/lab1_nexys4_ddr.xdc:12]
Resolution: If [get_<value>] was used to populate the object, check to make sure this command returns at least one valid object.
WARNING: [Vivado 12-584] No ports matched 'led[4]'. [C:/Users/is2751zv/Desktop/000labs/dc-lab5/lab5/lab5.srcs/constrs_1/imports/Lab_4_source_files/lab1_nexys4_ddr.xdc:21]
CRITICAL WARNING: [Common 17-55] 'set_property' expects at least one object. [C:/Users/is2751zv/Desktop/000labs/dc-lab5/lab5/lab5.srcs/constrs_1/imports/Lab_4_source_files/lab1_nexys4_ddr.xdc:21]
Resolution: If [get_<value>] was used to populate the object, check to make sure this command returns at least one valid object.
WARNING: [Vivado 12-584] No ports matched 'led[5]'. [C:/Users/is2751zv/Desktop/000labs/dc-lab5/lab5/lab5.srcs/constrs_1/imports/Lab_4_source_files/lab1_nexys4_ddr.xdc:22]
CRITICAL WARNING: [Common 17-55] 'set_property' expects at least one object. [C:/Users/is2751zv/Desktop/000labs/dc-lab5/lab5/lab5.srcs/constrs_1/imports/Lab_4_source_files/lab1_nexys4_ddr.xdc:22]
Resolution: If [get_<value>] was used to populate the object, check to make sure this command returns at least one valid object.
WARNING: [Vivado 12-584] No ports matched 'led[6]'. [C:/Users/is2751zv/Desktop/000labs/dc-lab5/lab5/lab5.srcs/constrs_1/imports/Lab_4_source_files/lab1_nexys4_ddr.xdc:23]
CRITICAL WARNING: [Common 17-55] 'set_property' expects at least one object. [C:/Users/is2751zv/Desktop/000labs/dc-lab5/lab5/lab5.srcs/constrs_1/imports/Lab_4_source_files/lab1_nexys4_ddr.xdc:23]
Resolution: If [get_<value>] was used to populate the object, check to make sure this command returns at least one valid object.
WARNING: [Vivado 12-584] No ports matched 'led[7]'. [C:/Users/is2751zv/Desktop/000labs/dc-lab5/lab5/lab5.srcs/constrs_1/imports/Lab_4_source_files/lab1_nexys4_ddr.xdc:24]
CRITICAL WARNING: [Common 17-55] 'set_property' expects at least one object. [C:/Users/is2751zv/Desktop/000labs/dc-lab5/lab5/lab5.srcs/constrs_1/imports/Lab_4_source_files/lab1_nexys4_ddr.xdc:24]
Resolution: If [get_<value>] was used to populate the object, check to make sure this command returns at least one valid object.
Finished Parsing XDC File [C:/Users/is2751zv/Desktop/000labs/dc-lab5/lab5/lab5.srcs/constrs_1/imports/Lab_4_source_files/lab1_nexys4_ddr.xdc]
INFO: [Project 1-236] Implementation specific constraints were found while reading constraint file [C:/Users/is2751zv/Desktop/000labs/dc-lab5/lab5/lab5.srcs/constrs_1/imports/Lab_4_source_files/lab1_nexys4_ddr.xdc]. These constraints will be ignored for synthesis but will be used in implementation. Impacted constraints are listed in the file [.Xil/lab1_propImpl.xdc].
Resolution: To avoid this warning, move constraints listed in [.Xil/lab1_propImpl.xdc] to another XDC file and exclude this new file from synthesis with the used_in_synthesis property (File Properties dialog in GUI) and re-run elaboration/synthesis.
Completed Processing XDC Constraints

Netlist sorting complete. Time (s): cpu = 00:00:00 ; elapsed = 00:00:00 . Memory (MB): peak = 841.023 ; gain = 0.000
INFO: [Project 1-111] Unisim Transformation Summary:
No Unisim elements were transformed.

Constraint Validation Runtime : Time (s): cpu = 00:00:00 ; elapsed = 00:00:00.007 . Memory (MB): peak = 841.023 ; gain = 0.000
---------------------------------------------------------------------------------
Finished Constraint Validation : Time (s): cpu = 00:00:12 ; elapsed = 00:00:18 . Memory (MB): peak = 841.023 ; gain = 302.559
---------------------------------------------------------------------------------
---------------------------------------------------------------------------------
Start Loading Part and Timing Information
---------------------------------------------------------------------------------
Loading part: xc7a100ticsg324-1L
---------------------------------------------------------------------------------
Finished Loading Part and Timing Information : Time (s): cpu = 00:00:12 ; elapsed = 00:00:18 . Memory (MB): peak = 841.023 ; gain = 302.559
---------------------------------------------------------------------------------
---------------------------------------------------------------------------------
Start Applying 'set_property' XDC Constraints
---------------------------------------------------------------------------------
---------------------------------------------------------------------------------
Finished applying 'set_property' XDC Constraints : Time (s): cpu = 00:00:12 ; elapsed = 00:00:18 . Memory (MB): peak = 841.023 ; gain = 302.559
---------------------------------------------------------------------------------
---------------------------------------------------------------------------------
Finished RTL Optimization Phase 2 : Time (s): cpu = 00:00:13 ; elapsed = 00:00:18 . Memory (MB): peak = 841.023 ; gain = 302.559
---------------------------------------------------------------------------------

Report RTL Partitions: 
+-+--------------+------------+----------+
| |RTL Partition |Replication |Instances |
+-+--------------+------------+----------+
+-+--------------+------------+----------+
---------------------------------------------------------------------------------
Start RTL Component Statistics 
---------------------------------------------------------------------------------
Detailed RTL Component Info : 
---------------------------------------------------------------------------------
Finished RTL Component Statistics 
---------------------------------------------------------------------------------
---------------------------------------------------------------------------------
Start RTL Hierarchical Component Statistics 
---------------------------------------------------------------------------------
Hierarchical RTL Component report 
---------------------------------------------------------------------------------
Finished RTL Hierarchical Component Statistics
---------------------------------------------------------------------------------
---------------------------------------------------------------------------------
Start Part Resource Summary
---------------------------------------------------------------------------------
Part Resources:
DSPs: 240 (col length:80)
BRAMs: 270 (col length: RAMB18 80 RAMB36 40)
---------------------------------------------------------------------------------
Finished Part Resource Summary
---------------------------------------------------------------------------------
---------------------------------------------------------------------------------
Start Cross Boundary and Area Optimization
---------------------------------------------------------------------------------
Warning: Parallel synthesis criteria is not met 
---------------------------------------------------------------------------------
Finished Cross Boundary and Area Optimization : Time (s): cpu = 00:00:14 ; elapsed = 00:00:20 . Memory (MB): peak = 841.023 ; gain = 302.559
---------------------------------------------------------------------------------

Report RTL Partitions: 
+-+--------------+------------+----------+
| |RTL Partition |Replication |Instances |
+-+--------------+------------+----------+
+-+--------------+------------+----------+
---------------------------------------------------------------------------------
Start Applying XDC Timing Constraints
---------------------------------------------------------------------------------
---------------------------------------------------------------------------------
Finished Applying XDC Timing Constraints : Time (s): cpu = 00:00:23 ; elapsed = 00:00:32 . Memory (MB): peak = 870.262 ; gain = 331.797
---------------------------------------------------------------------------------
---------------------------------------------------------------------------------
Start Timing Optimization
---------------------------------------------------------------------------------
---------------------------------------------------------------------------------
Finished Timing Optimization : Time (s): cpu = 00:00:23 ; elapsed = 00:00:32 . Memory (MB): peak = 870.262 ; gain = 331.797
---------------------------------------------------------------------------------

Report RTL Partitions: 
+-+--------------+------------+----------+
| |RTL Partition |Replication |Instances |
+-+--------------+------------+----------+
+-+--------------+------------+----------+
---------------------------------------------------------------------------------
Start Technology Mapping
---------------------------------------------------------------------------------
---------------------------------------------------------------------------------
Finished Technology Mapping : Time (s): cpu = 00:00:23 ; elapsed = 00:00:32 . Memory (MB): peak = 879.793 ; gain = 341.328
---------------------------------------------------------------------------------

Report RTL Partitions: 
+-+--------------+------------+----------+
| |RTL Partition |Replication |Instances |
+-+--------------+------------+----------+
+-+--------------+------------+----------+
---------------------------------------------------------------------------------
Start IO Insertion
---------------------------------------------------------------------------------
---------------------------------------------------------------------------------
Start Flattening Before IO Insertion
---------------------------------------------------------------------------------
---------------------------------------------------------------------------------
Finished Flattening Before IO Insertion
---------------------------------------------------------------------------------
---------------------------------------------------------------------------------
Start Final Netlist Cleanup
---------------------------------------------------------------------------------
---------------------------------------------------------------------------------
Finished Final Netlist Cleanup
---------------------------------------------------------------------------------
---------------------------------------------------------------------------------
Finished IO Insertion : Time (s): cpu = 00:00:26 ; elapsed = 00:00:36 . Memory (MB): peak = 895.602 ; gain = 357.137
---------------------------------------------------------------------------------

Report Check Netlist: 
+------+------------------+-------+---------+-------+------------------+
|      |Item              |Errors |Warnings |Status |Description       |
+------+------------------+-------+---------+-------+------------------+
|1     |multi_driven_nets |      0|        0|Passed |Multi driven nets |
+------+------------------+-------+---------+-------+------------------+
---------------------------------------------------------------------------------
Start Renaming Generated Instances
---------------------------------------------------------------------------------
---------------------------------------------------------------------------------
Finished Renaming Generated Instances : Time (s): cpu = 00:00:26 ; elapsed = 00:00:36 . Memory (MB): peak = 895.602 ; gain = 357.137
---------------------------------------------------------------------------------

Report RTL Partitions: 
+-+--------------+------------+----------+
| |RTL Partition |Replication |Instances |
+-+--------------+------------+----------+
+-+--------------+------------+----------+
---------------------------------------------------------------------------------
Start Rebuilding User Hierarchy
---------------------------------------------------------------------------------
---------------------------------------------------------------------------------
Finished Rebuilding User Hierarchy : Time (s): cpu = 00:00:26 ; elapsed = 00:00:36 . Memory (MB): peak = 895.602 ; gain = 357.137
---------------------------------------------------------------------------------
---------------------------------------------------------------------------------
Start Renaming Generated Ports
---------------------------------------------------------------------------------
---------------------------------------------------------------------------------
Finished Renaming Generated Ports : Time (s): cpu = 00:00:26 ; elapsed = 00:00:36 . Memory (MB): peak = 895.602 ; gain = 357.137
---------------------------------------------------------------------------------
---------------------------------------------------------------------------------
Start Handling Custom Attributes
---------------------------------------------------------------------------------
---------------------------------------------------------------------------------
Finished Handling Custom Attributes : Time (s): cpu = 00:00:26 ; elapsed = 00:00:36 . Memory (MB): peak = 895.602 ; gain = 357.137
---------------------------------------------------------------------------------
---------------------------------------------------------------------------------
Start Renaming Generated Nets
---------------------------------------------------------------------------------
---------------------------------------------------------------------------------
Finished Renaming Generated Nets : Time (s): cpu = 00:00:26 ; elapsed = 00:00:36 . Memory (MB): peak = 895.602 ; gain = 357.137
---------------------------------------------------------------------------------
---------------------------------------------------------------------------------
Start Writing Synthesis Report
---------------------------------------------------------------------------------

Report BlackBoxes: 
+-+--------------+----------+
| |BlackBox name |Instances |
+-+--------------+----------+
+-+--------------+----------+

Report Cell Usage: 
+------+-----+------+
|      |Cell |Count |
+------+-----+------+
|1     |LUT1 |     1|
|2     |LUT2 |     2|
|3     |LUT3 |     1|
|4     |IBUF |     4|
|5     |OBUF |     4|
+------+-----+------+

Report Instance Areas: 
+------+---------+-------+------+
|      |Instance |Module |Cells |
+------+---------+-------+------+
|1     |top      |       |    12|
+------+---------+-------+------+
---------------------------------------------------------------------------------
Finished Writing Synthesis Report : Time (s): cpu = 00:00:26 ; elapsed = 00:00:36 . Memory (MB): peak = 895.602 ; gain = 357.137
---------------------------------------------------------------------------------
Synthesis finished with 0 errors, 0 critical warnings and 0 warnings.
Synthesis Optimization Runtime : Time (s): cpu = 00:00:19 ; elapsed = 00:00:33 . Memory (MB): peak = 895.602 ; gain = 297.480
Synthesis Optimization Complete : Time (s): cpu = 00:00:27 ; elapsed = 00:00:36 . Memory (MB): peak = 895.602 ; gain = 357.137
INFO: [Project 1-571] Translating synthesized netlist
INFO: [Project 1-570] Preparing netlist for logic optimization
INFO: [Opt 31-138] Pushed 0 inverter(s) to 0 load pin(s).
Netlist sorting complete. Time (s): cpu = 00:00:00 ; elapsed = 00:00:00 . Memory (MB): peak = 914.914 ; gain = 0.000
INFO: [Project 1-111] Unisim Transformation Summary:
No Unisim elements were transformed.

INFO: [Common 17-83] Releasing license: Synthesis
12 Infos, 12 Warnings, 12 Critical Warnings and 0 Errors encountered.
synth_design completed successfully
synth_design: Time (s): cpu = 00:00:32 ; elapsed = 00:00:45 . Memory (MB): peak = 914.914 ; gain = 626.047
Netlist sorting complete. Time (s): cpu = 00:00:00 ; elapsed = 00:00:00.001 . Memory (MB): peak = 914.914 ; gain = 0.000
WARNING: [Constraints 18-5210] No constraints selected for write.
Resolution: This message can indicate that there are no constraints for the design, or it can indicate that the used_in flags are set such that the constraints are ignored. This later case is used when running synth_design to not write synthesis constraints to the resulting checkpoint. Instead, project constraints are read when the synthesized design is opened.
INFO: [Common 17-1381] The checkpoint 'C:/Users/is2751zv/Desktop/000labs/dc-lab5/lab5/lab5.runs/synth_1/lab1.dcp' has been generated.
INFO: [runtcl-4] Executing : report_utilization -file lab1_utilization_synth.rpt -pb lab1_utilization_synth.pb
INFO: [Common 17-206] Exiting Vivado at Tue Oct 15 14:52:25 2019...
