
*** Running vivado
    with args -log implement_clocks.vds -m64 -product Vivado -mode batch -messageDb vivado.pb -notrace -source implement_clocks.tcl


****** Vivado v2019.1 (64-bit)
  **** SW Build 2552052 on Fri May 24 14:49:42 MDT 2019
  **** IP Build 2548770 on Fri May 24 18:01:18 MDT 2019
    ** Copyright 1986-2019 Xilinx, Inc. All Rights Reserved.

source implement_clocks.tcl -notrace
Command: synth_design -top implement_clocks -part xc7a100tcsg324-1
Starting synth_design
Attempting to get a license for feature 'Synthesis' and/or device 'xc7a100t'
INFO: [Common 17-349] Got license for feature 'Synthesis' and/or device 'xc7a100t'
INFO: [Device 21-403] Loading part xc7a100tcsg324-1
INFO: Launching helper process for spawning children vivado processes
INFO: Helper process launched with PID 46504 
WARNING: [Synth 8-2539] port LED must not be declared to be an array [C:/Users/is2751zv/Documents/git/schoolWork/digitalCircuits/dc-lab8/new/332_Proj/lab1/lab1.srcs/sources_1/imports/332_Proj/lab1.v:8]
WARNING: [Synth 8-2611] redeclaration of ansi port d1 is not allowed [C:/Users/is2751zv/Documents/git/schoolWork/digitalCircuits/dc-lab8/new/332_Proj/lab1/lab1.srcs/sources_1/imports/332_Proj/lab1.v:199]
WARNING: [Synth 8-2611] redeclaration of ansi port d10 is not allowed [C:/Users/is2751zv/Documents/git/schoolWork/digitalCircuits/dc-lab8/new/332_Proj/lab1/lab1.srcs/sources_1/imports/332_Proj/lab1.v:199]
WARNING: [Synth 8-2611] redeclaration of ansi port d100 is not allowed [C:/Users/is2751zv/Documents/git/schoolWork/digitalCircuits/dc-lab8/new/332_Proj/lab1/lab1.srcs/sources_1/imports/332_Proj/lab1.v:199]
---------------------------------------------------------------------------------
Starting RTL Elaboration : Time (s): cpu = 00:00:04 ; elapsed = 00:00:04 . Memory (MB): peak = 721.891 ; gain = 183.441
---------------------------------------------------------------------------------
INFO: [Synth 8-6157] synthesizing module 'implement_clocks' [C:/Users/is2751zv/Documents/git/schoolWork/digitalCircuits/dc-lab8/new/332_Proj/lab1/lab1.srcs/sources_1/imports/332_Proj/lab1.v:5]
INFO: [Synth 8-6157] synthesizing module 'create_1KHZ_clock' [C:/Users/is2751zv/Documents/git/schoolWork/digitalCircuits/dc-lab8/new/332_Proj/lab1/lab1.srcs/sources_1/imports/332_Proj/lab1.v:170]
INFO: [Synth 8-6155] done synthesizing module 'create_1KHZ_clock' (1#1) [C:/Users/is2751zv/Documents/git/schoolWork/digitalCircuits/dc-lab8/new/332_Proj/lab1/lab1.srcs/sources_1/imports/332_Proj/lab1.v:170]
INFO: [Synth 8-6157] synthesizing module 'create_1_hz_counter' [C:/Users/is2751zv/Documents/git/schoolWork/digitalCircuits/dc-lab8/new/332_Proj/lab1/lab1.srcs/sources_1/imports/332_Proj/lab1.v:53]
INFO: [Synth 8-6155] done synthesizing module 'create_1_hz_counter' (2#1) [C:/Users/is2751zv/Documents/git/schoolWork/digitalCircuits/dc-lab8/new/332_Proj/lab1/lab1.srcs/sources_1/imports/332_Proj/lab1.v:53]
INFO: [Synth 8-6157] synthesizing module 'write_17' [C:/Users/is2751zv/Documents/git/schoolWork/digitalCircuits/dc-lab8/new/332_Proj/lab1/lab1.srcs/sources_1/imports/332_Proj/lab1.v:107]
INFO: [Synth 8-6157] synthesizing module 'digitCode' [C:/Users/is2751zv/Documents/git/schoolWork/digitalCircuits/dc-lab8/new/332_Proj/lab1/lab1.srcs/sources_1/imports/332_Proj/lab1.v:69]
INFO: [Synth 8-6155] done synthesizing module 'digitCode' (3#1) [C:/Users/is2751zv/Documents/git/schoolWork/digitalCircuits/dc-lab8/new/332_Proj/lab1/lab1.srcs/sources_1/imports/332_Proj/lab1.v:69]
WARNING: [Synth 8-3848] Net t7 in module/entity write_17 does not have driver. [C:/Users/is2751zv/Documents/git/schoolWork/digitalCircuits/dc-lab8/new/332_Proj/lab1/lab1.srcs/sources_1/imports/332_Proj/lab1.v:113]
WARNING: [Synth 8-3848] Net t6 in module/entity write_17 does not have driver. [C:/Users/is2751zv/Documents/git/schoolWork/digitalCircuits/dc-lab8/new/332_Proj/lab1/lab1.srcs/sources_1/imports/332_Proj/lab1.v:113]
WARNING: [Synth 8-3848] Net t5 in module/entity write_17 does not have driver. [C:/Users/is2751zv/Documents/git/schoolWork/digitalCircuits/dc-lab8/new/332_Proj/lab1/lab1.srcs/sources_1/imports/332_Proj/lab1.v:113]
WARNING: [Synth 8-3848] Net t4 in module/entity write_17 does not have driver. [C:/Users/is2751zv/Documents/git/schoolWork/digitalCircuits/dc-lab8/new/332_Proj/lab1/lab1.srcs/sources_1/imports/332_Proj/lab1.v:113]
WARNING: [Synth 8-3848] Net t3 in module/entity write_17 does not have driver. [C:/Users/is2751zv/Documents/git/schoolWork/digitalCircuits/dc-lab8/new/332_Proj/lab1/lab1.srcs/sources_1/imports/332_Proj/lab1.v:113]
WARNING: [Synth 8-3848] Net t2 in module/entity write_17 does not have driver. [C:/Users/is2751zv/Documents/git/schoolWork/digitalCircuits/dc-lab8/new/332_Proj/lab1/lab1.srcs/sources_1/imports/332_Proj/lab1.v:113]
WARNING: [Synth 8-3848] Net t8 in module/entity write_17 does not have driver. [C:/Users/is2751zv/Documents/git/schoolWork/digitalCircuits/dc-lab8/new/332_Proj/lab1/lab1.srcs/sources_1/imports/332_Proj/lab1.v:113]
INFO: [Synth 8-6155] done synthesizing module 'write_17' (4#1) [C:/Users/is2751zv/Documents/git/schoolWork/digitalCircuits/dc-lab8/new/332_Proj/lab1/lab1.srcs/sources_1/imports/332_Proj/lab1.v:107]
INFO: [Synth 8-6155] done synthesizing module 'implement_clocks' (5#1) [C:/Users/is2751zv/Documents/git/schoolWork/digitalCircuits/dc-lab8/new/332_Proj/lab1/lab1.srcs/sources_1/imports/332_Proj/lab1.v:5]
WARNING: [Synth 8-3331] design implement_clocks has unconnected port SW[1]
---------------------------------------------------------------------------------
Finished RTL Elaboration : Time (s): cpu = 00:00:05 ; elapsed = 00:00:06 . Memory (MB): peak = 759.445 ; gain = 220.996
---------------------------------------------------------------------------------

Report Check Netlist: 
+------+------------------+-------+---------+-------+------------------+
|      |Item              |Errors |Warnings |Status |Description       |
+------+------------------+-------+---------+-------+------------------+
|1     |multi_driven_nets |      0|        0|Passed |Multi driven nets |
+------+------------------+-------+---------+-------+------------------+
---------------------------------------------------------------------------------
Start Handling Custom Attributes
---------------------------------------------------------------------------------
---------------------------------------------------------------------------------
Finished Handling Custom Attributes : Time (s): cpu = 00:00:05 ; elapsed = 00:00:06 . Memory (MB): peak = 759.445 ; gain = 220.996
---------------------------------------------------------------------------------
---------------------------------------------------------------------------------
Finished RTL Optimization Phase 1 : Time (s): cpu = 00:00:05 ; elapsed = 00:00:06 . Memory (MB): peak = 759.445 ; gain = 220.996
---------------------------------------------------------------------------------
INFO: [Project 1-570] Preparing netlist for logic optimization

Processing XDC Constraints
Initializing timing engine
Parsing XDC File [C:/Users/is2751zv/Documents/git/schoolWork/digitalCircuits/dc-lab8/new/332_Proj/lab1/lab1.srcs/constrs_1/imports/332_Proj/lab1_nexys4_ddr.xdc]
WARNING: [Vivado 12-584] No ports matched 'SW[2]'. [C:/Users/is2751zv/Documents/git/schoolWork/digitalCircuits/dc-lab8/new/332_Proj/lab1/lab1.srcs/constrs_1/imports/332_Proj/lab1_nexys4_ddr.xdc:15]
CRITICAL WARNING: [Common 17-55] 'set_property' expects at least one object. [C:/Users/is2751zv/Documents/git/schoolWork/digitalCircuits/dc-lab8/new/332_Proj/lab1/lab1.srcs/constrs_1/imports/332_Proj/lab1_nexys4_ddr.xdc:15]
Resolution: If [get_<value>] was used to populate the object, check to make sure this command returns at least one valid object.
WARNING: [Vivado 12-584] No ports matched 'SW[3]'. [C:/Users/is2751zv/Documents/git/schoolWork/digitalCircuits/dc-lab8/new/332_Proj/lab1/lab1.srcs/constrs_1/imports/332_Proj/lab1_nexys4_ddr.xdc:16]
CRITICAL WARNING: [Common 17-55] 'set_property' expects at least one object. [C:/Users/is2751zv/Documents/git/schoolWork/digitalCircuits/dc-lab8/new/332_Proj/lab1/lab1.srcs/constrs_1/imports/332_Proj/lab1_nexys4_ddr.xdc:16]
Resolution: If [get_<value>] was used to populate the object, check to make sure this command returns at least one valid object.
WARNING: [Vivado 12-584] No ports matched 'SW[4]'. [C:/Users/is2751zv/Documents/git/schoolWork/digitalCircuits/dc-lab8/new/332_Proj/lab1/lab1.srcs/constrs_1/imports/332_Proj/lab1_nexys4_ddr.xdc:17]
CRITICAL WARNING: [Common 17-55] 'set_property' expects at least one object. [C:/Users/is2751zv/Documents/git/schoolWork/digitalCircuits/dc-lab8/new/332_Proj/lab1/lab1.srcs/constrs_1/imports/332_Proj/lab1_nexys4_ddr.xdc:17]
Resolution: If [get_<value>] was used to populate the object, check to make sure this command returns at least one valid object.
WARNING: [Vivado 12-584] No ports matched 'SW[5]'. [C:/Users/is2751zv/Documents/git/schoolWork/digitalCircuits/dc-lab8/new/332_Proj/lab1/lab1.srcs/constrs_1/imports/332_Proj/lab1_nexys4_ddr.xdc:18]
CRITICAL WARNING: [Common 17-55] 'set_property' expects at least one object. [C:/Users/is2751zv/Documents/git/schoolWork/digitalCircuits/dc-lab8/new/332_Proj/lab1/lab1.srcs/constrs_1/imports/332_Proj/lab1_nexys4_ddr.xdc:18]
Resolution: If [get_<value>] was used to populate the object, check to make sure this command returns at least one valid object.
WARNING: [Vivado 12-584] No ports matched 'SW[6]'. [C:/Users/is2751zv/Documents/git/schoolWork/digitalCircuits/dc-lab8/new/332_Proj/lab1/lab1.srcs/constrs_1/imports/332_Proj/lab1_nexys4_ddr.xdc:19]
CRITICAL WARNING: [Common 17-55] 'set_property' expects at least one object. [C:/Users/is2751zv/Documents/git/schoolWork/digitalCircuits/dc-lab8/new/332_Proj/lab1/lab1.srcs/constrs_1/imports/332_Proj/lab1_nexys4_ddr.xdc:19]
Resolution: If [get_<value>] was used to populate the object, check to make sure this command returns at least one valid object.
WARNING: [Vivado 12-584] No ports matched 'SW[7]'. [C:/Users/is2751zv/Documents/git/schoolWork/digitalCircuits/dc-lab8/new/332_Proj/lab1/lab1.srcs/constrs_1/imports/332_Proj/lab1_nexys4_ddr.xdc:20]
CRITICAL WARNING: [Common 17-55] 'set_property' expects at least one object. [C:/Users/is2751zv/Documents/git/schoolWork/digitalCircuits/dc-lab8/new/332_Proj/lab1/lab1.srcs/constrs_1/imports/332_Proj/lab1_nexys4_ddr.xdc:20]
Resolution: If [get_<value>] was used to populate the object, check to make sure this command returns at least one valid object.
WARNING: [Vivado 12-584] No ports matched 'SW[8]'. [C:/Users/is2751zv/Documents/git/schoolWork/digitalCircuits/dc-lab8/new/332_Proj/lab1/lab1.srcs/constrs_1/imports/332_Proj/lab1_nexys4_ddr.xdc:21]
CRITICAL WARNING: [Common 17-55] 'set_property' expects at least one object. [C:/Users/is2751zv/Documents/git/schoolWork/digitalCircuits/dc-lab8/new/332_Proj/lab1/lab1.srcs/constrs_1/imports/332_Proj/lab1_nexys4_ddr.xdc:21]
Resolution: If [get_<value>] was used to populate the object, check to make sure this command returns at least one valid object.
WARNING: [Vivado 12-584] No ports matched 'SW[9]'. [C:/Users/is2751zv/Documents/git/schoolWork/digitalCircuits/dc-lab8/new/332_Proj/lab1/lab1.srcs/constrs_1/imports/332_Proj/lab1_nexys4_ddr.xdc:22]
CRITICAL WARNING: [Common 17-55] 'set_property' expects at least one object. [C:/Users/is2751zv/Documents/git/schoolWork/digitalCircuits/dc-lab8/new/332_Proj/lab1/lab1.srcs/constrs_1/imports/332_Proj/lab1_nexys4_ddr.xdc:22]
Resolution: If [get_<value>] was used to populate the object, check to make sure this command returns at least one valid object.
WARNING: [Vivado 12-584] No ports matched 'SW[10]'. [C:/Users/is2751zv/Documents/git/schoolWork/digitalCircuits/dc-lab8/new/332_Proj/lab1/lab1.srcs/constrs_1/imports/332_Proj/lab1_nexys4_ddr.xdc:23]
CRITICAL WARNING: [Common 17-55] 'set_property' expects at least one object. [C:/Users/is2751zv/Documents/git/schoolWork/digitalCircuits/dc-lab8/new/332_Proj/lab1/lab1.srcs/constrs_1/imports/332_Proj/lab1_nexys4_ddr.xdc:23]
Resolution: If [get_<value>] was used to populate the object, check to make sure this command returns at least one valid object.
WARNING: [Vivado 12-584] No ports matched 'SW[11]'. [C:/Users/is2751zv/Documents/git/schoolWork/digitalCircuits/dc-lab8/new/332_Proj/lab1/lab1.srcs/constrs_1/imports/332_Proj/lab1_nexys4_ddr.xdc:24]
CRITICAL WARNING: [Common 17-55] 'set_property' expects at least one object. [C:/Users/is2751zv/Documents/git/schoolWork/digitalCircuits/dc-lab8/new/332_Proj/lab1/lab1.srcs/constrs_1/imports/332_Proj/lab1_nexys4_ddr.xdc:24]
Resolution: If [get_<value>] was used to populate the object, check to make sure this command returns at least one valid object.
WARNING: [Vivado 12-584] No ports matched 'SW[12]'. [C:/Users/is2751zv/Documents/git/schoolWork/digitalCircuits/dc-lab8/new/332_Proj/lab1/lab1.srcs/constrs_1/imports/332_Proj/lab1_nexys4_ddr.xdc:25]
CRITICAL WARNING: [Common 17-55] 'set_property' expects at least one object. [C:/Users/is2751zv/Documents/git/schoolWork/digitalCircuits/dc-lab8/new/332_Proj/lab1/lab1.srcs/constrs_1/imports/332_Proj/lab1_nexys4_ddr.xdc:25]
Resolution: If [get_<value>] was used to populate the object, check to make sure this command returns at least one valid object.
WARNING: [Vivado 12-584] No ports matched 'SW[13]'. [C:/Users/is2751zv/Documents/git/schoolWork/digitalCircuits/dc-lab8/new/332_Proj/lab1/lab1.srcs/constrs_1/imports/332_Proj/lab1_nexys4_ddr.xdc:26]
CRITICAL WARNING: [Common 17-55] 'set_property' expects at least one object. [C:/Users/is2751zv/Documents/git/schoolWork/digitalCircuits/dc-lab8/new/332_Proj/lab1/lab1.srcs/constrs_1/imports/332_Proj/lab1_nexys4_ddr.xdc:26]
Resolution: If [get_<value>] was used to populate the object, check to make sure this command returns at least one valid object.
WARNING: [Vivado 12-584] No ports matched 'SW[14]'. [C:/Users/is2751zv/Documents/git/schoolWork/digitalCircuits/dc-lab8/new/332_Proj/lab1/lab1.srcs/constrs_1/imports/332_Proj/lab1_nexys4_ddr.xdc:27]
CRITICAL WARNING: [Common 17-55] 'set_property' expects at least one object. [C:/Users/is2751zv/Documents/git/schoolWork/digitalCircuits/dc-lab8/new/332_Proj/lab1/lab1.srcs/constrs_1/imports/332_Proj/lab1_nexys4_ddr.xdc:27]
Resolution: If [get_<value>] was used to populate the object, check to make sure this command returns at least one valid object.
WARNING: [Vivado 12-584] No ports matched 'SW[15]'. [C:/Users/is2751zv/Documents/git/schoolWork/digitalCircuits/dc-lab8/new/332_Proj/lab1/lab1.srcs/constrs_1/imports/332_Proj/lab1_nexys4_ddr.xdc:28]
CRITICAL WARNING: [Common 17-55] 'set_property' expects at least one object. [C:/Users/is2751zv/Documents/git/schoolWork/digitalCircuits/dc-lab8/new/332_Proj/lab1/lab1.srcs/constrs_1/imports/332_Proj/lab1_nexys4_ddr.xdc:28]
Resolution: If [get_<value>] was used to populate the object, check to make sure this command returns at least one valid object.
Finished Parsing XDC File [C:/Users/is2751zv/Documents/git/schoolWork/digitalCircuits/dc-lab8/new/332_Proj/lab1/lab1.srcs/constrs_1/imports/332_Proj/lab1_nexys4_ddr.xdc]
INFO: [Project 1-236] Implementation specific constraints were found while reading constraint file [C:/Users/is2751zv/Documents/git/schoolWork/digitalCircuits/dc-lab8/new/332_Proj/lab1/lab1.srcs/constrs_1/imports/332_Proj/lab1_nexys4_ddr.xdc]. These constraints will be ignored for synthesis but will be used in implementation. Impacted constraints are listed in the file [.Xil/implement_clocks_propImpl.xdc].
Resolution: To avoid this warning, move constraints listed in [.Xil/implement_clocks_propImpl.xdc] to another XDC file and exclude this new file from synthesis with the used_in_synthesis property (File Properties dialog in GUI) and re-run elaboration/synthesis.
Completed Processing XDC Constraints

Netlist sorting complete. Time (s): cpu = 00:00:00 ; elapsed = 00:00:00 . Memory (MB): peak = 882.699 ; gain = 0.000
INFO: [Project 1-111] Unisim Transformation Summary:
No Unisim elements were transformed.

Constraint Validation Runtime : Time (s): cpu = 00:00:00 ; elapsed = 00:00:00.005 . Memory (MB): peak = 882.699 ; gain = 0.000
---------------------------------------------------------------------------------
Finished Constraint Validation : Time (s): cpu = 00:00:12 ; elapsed = 00:00:13 . Memory (MB): peak = 882.699 ; gain = 344.250
---------------------------------------------------------------------------------
---------------------------------------------------------------------------------
Start Loading Part and Timing Information
---------------------------------------------------------------------------------
Loading part: xc7a100tcsg324-1
---------------------------------------------------------------------------------
Finished Loading Part and Timing Information : Time (s): cpu = 00:00:12 ; elapsed = 00:00:13 . Memory (MB): peak = 882.699 ; gain = 344.250
---------------------------------------------------------------------------------
---------------------------------------------------------------------------------
Start Applying 'set_property' XDC Constraints
---------------------------------------------------------------------------------
---------------------------------------------------------------------------------
Finished applying 'set_property' XDC Constraints : Time (s): cpu = 00:00:12 ; elapsed = 00:00:13 . Memory (MB): peak = 882.699 ; gain = 344.250
---------------------------------------------------------------------------------
---------------------------------------------------------------------------------
Finished RTL Optimization Phase 2 : Time (s): cpu = 00:00:13 ; elapsed = 00:00:14 . Memory (MB): peak = 882.699 ; gain = 344.250
---------------------------------------------------------------------------------

Report RTL Partitions: 
+-+--------------+------------+----------+
| |RTL Partition |Replication |Instances |
+-+--------------+------------+----------+
+-+--------------+------------+----------+
---------------------------------------------------------------------------------
Start RTL Component Statistics 
---------------------------------------------------------------------------------
Detailed RTL Component Info : 
+---Adders : 
	   2 Input     64 Bit       Adders := 2     
	   2 Input      4 Bit       Adders := 1     
+---Registers : 
	               64 Bit    Registers := 2     
	                8 Bit    Registers := 2     
	                4 Bit    Registers := 1     
	                1 Bit    Registers := 1     
+---Muxes : 
	   3 Input     64 Bit        Muxes := 1     
	   2 Input     64 Bit        Muxes := 2     
	   2 Input      8 Bit        Muxes := 2     
	   8 Input      8 Bit        Muxes := 1     
	   2 Input      4 Bit        Muxes := 1     
	   3 Input      2 Bit        Muxes := 1     
---------------------------------------------------------------------------------
Finished RTL Component Statistics 
---------------------------------------------------------------------------------
---------------------------------------------------------------------------------
Start RTL Hierarchical Component Statistics 
---------------------------------------------------------------------------------
Hierarchical RTL Component report 
Module create_1KHZ_clock 
Detailed RTL Component Info : 
+---Adders : 
	   2 Input     64 Bit       Adders := 1     
+---Registers : 
	               64 Bit    Registers := 1     
	                1 Bit    Registers := 1     
+---Muxes : 
	   3 Input     64 Bit        Muxes := 1     
	   2 Input     64 Bit        Muxes := 1     
	   3 Input      2 Bit        Muxes := 1     
Module create_1_hz_counter 
Detailed RTL Component Info : 
+---Adders : 
	   2 Input     64 Bit       Adders := 1     
+---Registers : 
	               64 Bit    Registers := 1     
+---Muxes : 
	   2 Input     64 Bit        Muxes := 1     
Module write_17 
Detailed RTL Component Info : 
+---Adders : 
	   2 Input      4 Bit       Adders := 1     
+---Registers : 
	                8 Bit    Registers := 2     
	                4 Bit    Registers := 1     
+---Muxes : 
	   2 Input      8 Bit        Muxes := 2     
	   8 Input      8 Bit        Muxes := 1     
	   2 Input      4 Bit        Muxes := 1     
---------------------------------------------------------------------------------
Finished RTL Hierarchical Component Statistics
---------------------------------------------------------------------------------
---------------------------------------------------------------------------------
Start Part Resource Summary
---------------------------------------------------------------------------------
Part Resources:
DSPs: 240 (col length:80)
BRAMs: 270 (col length: RAMB18 80 RAMB36 40)
---------------------------------------------------------------------------------
Finished Part Resource Summary
---------------------------------------------------------------------------------
---------------------------------------------------------------------------------
Start Cross Boundary and Area Optimization
---------------------------------------------------------------------------------
Warning: Parallel synthesis criteria is not met 
WARNING: [Synth 8-3331] design implement_clocks has unconnected port SW[1]
---------------------------------------------------------------------------------
Finished Cross Boundary and Area Optimization : Time (s): cpu = 00:00:17 ; elapsed = 00:00:19 . Memory (MB): peak = 882.699 ; gain = 344.250
---------------------------------------------------------------------------------

Report RTL Partitions: 
+-+--------------+------------+----------+
| |RTL Partition |Replication |Instances |
+-+--------------+------------+----------+
+-+--------------+------------+----------+
---------------------------------------------------------------------------------
Start Applying XDC Timing Constraints
---------------------------------------------------------------------------------
---------------------------------------------------------------------------------
Finished Applying XDC Timing Constraints : Time (s): cpu = 00:00:26 ; elapsed = 00:00:27 . Memory (MB): peak = 882.699 ; gain = 344.250
---------------------------------------------------------------------------------
---------------------------------------------------------------------------------
Start Timing Optimization
---------------------------------------------------------------------------------
---------------------------------------------------------------------------------
Finished Timing Optimization : Time (s): cpu = 00:00:27 ; elapsed = 00:00:29 . Memory (MB): peak = 919.785 ; gain = 381.336
---------------------------------------------------------------------------------

Report RTL Partitions: 
+-+--------------+------------+----------+
| |RTL Partition |Replication |Instances |
+-+--------------+------------+----------+
+-+--------------+------------+----------+
---------------------------------------------------------------------------------
Start Technology Mapping
---------------------------------------------------------------------------------
---------------------------------------------------------------------------------
Finished Technology Mapping : Time (s): cpu = 00:00:27 ; elapsed = 00:00:29 . Memory (MB): peak = 922.410 ; gain = 383.961
---------------------------------------------------------------------------------

Report RTL Partitions: 
+-+--------------+------------+----------+
| |RTL Partition |Replication |Instances |
+-+--------------+------------+----------+
+-+--------------+------------+----------+
---------------------------------------------------------------------------------
Start IO Insertion
---------------------------------------------------------------------------------
---------------------------------------------------------------------------------
Start Flattening Before IO Insertion
---------------------------------------------------------------------------------
---------------------------------------------------------------------------------
Finished Flattening Before IO Insertion
---------------------------------------------------------------------------------
---------------------------------------------------------------------------------
Start Final Netlist Cleanup
---------------------------------------------------------------------------------
---------------------------------------------------------------------------------
Finished Final Netlist Cleanup
---------------------------------------------------------------------------------
---------------------------------------------------------------------------------
Finished IO Insertion : Time (s): cpu = 00:00:30 ; elapsed = 00:00:31 . Memory (MB): peak = 925.211 ; gain = 386.762
---------------------------------------------------------------------------------

Report Check Netlist: 
+------+------------------+-------+---------+-------+------------------+
|      |Item              |Errors |Warnings |Status |Description       |
+------+------------------+-------+---------+-------+------------------+
|1     |multi_driven_nets |      0|        0|Passed |Multi driven nets |
+------+------------------+-------+---------+-------+------------------+
---------------------------------------------------------------------------------
Start Renaming Generated Instances
---------------------------------------------------------------------------------
---------------------------------------------------------------------------------
Finished Renaming Generated Instances : Time (s): cpu = 00:00:30 ; elapsed = 00:00:31 . Memory (MB): peak = 925.211 ; gain = 386.762
---------------------------------------------------------------------------------

Report RTL Partitions: 
+-+--------------+------------+----------+
| |RTL Partition |Replication |Instances |
+-+--------------+------------+----------+
+-+--------------+------------+----------+
---------------------------------------------------------------------------------
Start Rebuilding User Hierarchy
---------------------------------------------------------------------------------
---------------------------------------------------------------------------------
Finished Rebuilding User Hierarchy : Time (s): cpu = 00:00:30 ; elapsed = 00:00:31 . Memory (MB): peak = 925.211 ; gain = 386.762
---------------------------------------------------------------------------------
---------------------------------------------------------------------------------
Start Renaming Generated Ports
---------------------------------------------------------------------------------
---------------------------------------------------------------------------------
Finished Renaming Generated Ports : Time (s): cpu = 00:00:30 ; elapsed = 00:00:31 . Memory (MB): peak = 925.211 ; gain = 386.762
---------------------------------------------------------------------------------
---------------------------------------------------------------------------------
Start Handling Custom Attributes
---------------------------------------------------------------------------------
---------------------------------------------------------------------------------
Finished Handling Custom Attributes : Time (s): cpu = 00:00:30 ; elapsed = 00:00:31 . Memory (MB): peak = 925.211 ; gain = 386.762
---------------------------------------------------------------------------------
---------------------------------------------------------------------------------
Start Renaming Generated Nets
---------------------------------------------------------------------------------
---------------------------------------------------------------------------------
Finished Renaming Generated Nets : Time (s): cpu = 00:00:30 ; elapsed = 00:00:31 . Memory (MB): peak = 925.211 ; gain = 386.762
---------------------------------------------------------------------------------
---------------------------------------------------------------------------------
Start Writing Synthesis Report
---------------------------------------------------------------------------------

Report BlackBoxes: 
+-+--------------+----------+
| |BlackBox name |Instances |
+-+--------------+----------+
+-+--------------+----------+

Report Cell Usage: 
+------+-------+------+
|      |Cell   |Count |
+------+-------+------+
|1     |BUFG   |     1|
|2     |CARRY4 |    36|
|3     |LUT1   |     3|
|4     |LUT2   |     7|
|5     |LUT3   |     1|
|6     |LUT4   |    41|
|7     |LUT5   |    17|
|8     |LUT6   |    11|
|9     |FDRE   |   155|
|10    |FDSE   |    10|
|11    |IBUF   |     2|
|12    |OBUF   |    32|
+------+-------+------+

Report Instance Areas: 
+------+-----------------+--------------------+------+
|      |Instance         |Module              |Cells |
+------+-----------------+--------------------+------+
|1     |top              |                    |   316|
|2     |  nolabel_line26 |create_1KHZ_clock   |   118|
|3     |  nolabel_line29 |create_1_hz_counter |   129|
|4     |  w              |write_17            |    34|
+------+-----------------+--------------------+------+
---------------------------------------------------------------------------------
Finished Writing Synthesis Report : Time (s): cpu = 00:00:30 ; elapsed = 00:00:31 . Memory (MB): peak = 925.211 ; gain = 386.762
---------------------------------------------------------------------------------
Synthesis finished with 0 errors, 0 critical warnings and 1 warnings.
Synthesis Optimization Runtime : Time (s): cpu = 00:00:22 ; elapsed = 00:00:29 . Memory (MB): peak = 925.211 ; gain = 263.508
Synthesis Optimization Complete : Time (s): cpu = 00:00:30 ; elapsed = 00:00:31 . Memory (MB): peak = 925.211 ; gain = 386.762
INFO: [Project 1-571] Translating synthesized netlist
INFO: [Netlist 29-17] Analyzing 36 Unisim elements for replacement
INFO: [Netlist 29-28] Unisim Transformation completed in 0 CPU seconds
INFO: [Project 1-570] Preparing netlist for logic optimization
INFO: [Opt 31-138] Pushed 0 inverter(s) to 0 load pin(s).
Netlist sorting complete. Time (s): cpu = 00:00:00 ; elapsed = 00:00:00.001 . Memory (MB): peak = 925.211 ; gain = 0.000
INFO: [Project 1-111] Unisim Transformation Summary:
No Unisim elements were transformed.

INFO: [Common 17-83] Releasing license: Synthesis
22 Infos, 27 Warnings, 14 Critical Warnings and 0 Errors encountered.
synth_design completed successfully
synth_design: Time (s): cpu = 00:00:36 ; elapsed = 00:00:38 . Memory (MB): peak = 925.211 ; gain = 634.250
Netlist sorting complete. Time (s): cpu = 00:00:00 ; elapsed = 00:00:00 . Memory (MB): peak = 925.211 ; gain = 0.000
WARNING: [Constraints 18-5210] No constraints selected for write.
Resolution: This message can indicate that there are no constraints for the design, or it can indicate that the used_in flags are set such that the constraints are ignored. This later case is used when running synth_design to not write synthesis constraints to the resulting checkpoint. Instead, project constraints are read when the synthesized design is opened.
INFO: [Common 17-1381] The checkpoint 'C:/Users/is2751zv/Documents/git/schoolWork/digitalCircuits/dc-lab8/new/332_Proj/lab1/lab1.runs/synth_1/implement_clocks.dcp' has been generated.
INFO: [runtcl-4] Executing : report_utilization -file implement_clocks_utilization_synth.rpt -pb implement_clocks_utilization_synth.pb
INFO: [Common 17-206] Exiting Vivado at Thu Dec  5 18:30:24 2019...
