
*** Running vivado
    with args -log tryAfter.vds -m64 -product Vivado -mode batch -messageDb vivado.pb -notrace -source tryAfter.tcl


****** Vivado v2019.1 (64-bit)
  **** SW Build 2552052 on Fri May 24 14:49:42 MDT 2019
  **** IP Build 2548770 on Fri May 24 18:01:18 MDT 2019
    ** Copyright 1986-2019 Xilinx, Inc. All Rights Reserved.

source tryAfter.tcl -notrace
Command: synth_design -top tryAfter -part xc7a100tcsg324-1
Starting synth_design
Attempting to get a license for feature 'Synthesis' and/or device 'xc7a100t'
INFO: [Common 17-349] Got license for feature 'Synthesis' and/or device 'xc7a100t'
INFO: [Device 21-403] Loading part xc7a100tcsg324-1
INFO: Launching helper process for spawning children vivado processes
INFO: Helper process launched with PID 62504 
---------------------------------------------------------------------------------
Starting RTL Elaboration : Time (s): cpu = 00:00:08 ; elapsed = 00:00:09 . Memory (MB): peak = 717.000 ; gain = 178.344
---------------------------------------------------------------------------------
INFO: [Synth 8-6157] synthesizing module 'tryAfter' [C:/Users/is2751zv/Documents/git/schoolWork/digitalCircuits/dc-lab7/332_Proj/lab1/lab1.srcs/sources_1/imports/332_Proj/lab1.v:5]
INFO: [Synth 8-6157] synthesizing module 'fullAdder' [C:/Users/is2751zv/Documents/git/schoolWork/digitalCircuits/dc-lab7/332_Proj/lab1/lab1.srcs/sources_1/imports/332_Proj/lab1.v:41]
INFO: [Synth 8-6155] done synthesizing module 'fullAdder' (1#1) [C:/Users/is2751zv/Documents/git/schoolWork/digitalCircuits/dc-lab7/332_Proj/lab1/lab1.srcs/sources_1/imports/332_Proj/lab1.v:41]
WARNING: [Synth 8-3848] Net led in module/entity tryAfter does not have driver. [C:/Users/is2751zv/Documents/git/schoolWork/digitalCircuits/dc-lab7/332_Proj/lab1/lab1.srcs/sources_1/imports/332_Proj/lab1.v:7]
INFO: [Synth 8-6155] done synthesizing module 'tryAfter' (2#1) [C:/Users/is2751zv/Documents/git/schoolWork/digitalCircuits/dc-lab7/332_Proj/lab1/lab1.srcs/sources_1/imports/332_Proj/lab1.v:5]
WARNING: [Synth 8-3331] design tryAfter has unconnected port led[7]
WARNING: [Synth 8-3331] design tryAfter has unconnected port led[6]
WARNING: [Synth 8-3331] design tryAfter has unconnected port led[5]
WARNING: [Synth 8-3331] design tryAfter has unconnected port led[4]
WARNING: [Synth 8-3331] design tryAfter has unconnected port led[3]
WARNING: [Synth 8-3331] design tryAfter has unconnected port led[2]
WARNING: [Synth 8-3331] design tryAfter has unconnected port led[1]
WARNING: [Synth 8-3331] design tryAfter has unconnected port led[0]
---------------------------------------------------------------------------------
Finished RTL Elaboration : Time (s): cpu = 00:00:10 ; elapsed = 00:00:12 . Memory (MB): peak = 780.758 ; gain = 242.102
---------------------------------------------------------------------------------

Report Check Netlist: 
+------+------------------+-------+---------+-------+------------------+
|      |Item              |Errors |Warnings |Status |Description       |
+------+------------------+-------+---------+-------+------------------+
|1     |multi_driven_nets |      0|        0|Passed |Multi driven nets |
+------+------------------+-------+---------+-------+------------------+
---------------------------------------------------------------------------------
Start Handling Custom Attributes
---------------------------------------------------------------------------------
---------------------------------------------------------------------------------
Finished Handling Custom Attributes : Time (s): cpu = 00:00:11 ; elapsed = 00:00:13 . Memory (MB): peak = 780.758 ; gain = 242.102
---------------------------------------------------------------------------------
---------------------------------------------------------------------------------
Finished RTL Optimization Phase 1 : Time (s): cpu = 00:00:11 ; elapsed = 00:00:13 . Memory (MB): peak = 780.758 ; gain = 242.102
---------------------------------------------------------------------------------
INFO: [Project 1-570] Preparing netlist for logic optimization

Processing XDC Constraints
Initializing timing engine
Parsing XDC File [C:/Users/is2751zv/Documents/git/schoolWork/digitalCircuits/dc-lab7/332_Proj/lab1/lab1.srcs/constrs_1/imports/332_Proj/lab1_nexys4_ddr.xdc]
WARNING: [Vivado 12-584] No ports matched 'clk'. [C:/Users/is2751zv/Documents/git/schoolWork/digitalCircuits/dc-lab7/332_Proj/lab1/lab1.srcs/constrs_1/imports/332_Proj/lab1_nexys4_ddr.xdc:33]
CRITICAL WARNING: [Common 17-55] 'set_property' expects at least one object. [C:/Users/is2751zv/Documents/git/schoolWork/digitalCircuits/dc-lab7/332_Proj/lab1/lab1.srcs/constrs_1/imports/332_Proj/lab1_nexys4_ddr.xdc:33]
Resolution: If [get_<value>] was used to populate the object, check to make sure this command returns at least one valid object.
WARNING: [Vivado 12-584] No ports matched 'clk'. [C:/Users/is2751zv/Documents/git/schoolWork/digitalCircuits/dc-lab7/332_Proj/lab1/lab1.srcs/constrs_1/imports/332_Proj/lab1_nexys4_ddr.xdc:34]
CRITICAL WARNING: [Common 17-55] 'set_property' expects at least one object. [C:/Users/is2751zv/Documents/git/schoolWork/digitalCircuits/dc-lab7/332_Proj/lab1/lab1.srcs/constrs_1/imports/332_Proj/lab1_nexys4_ddr.xdc:34]
Resolution: If [get_<value>] was used to populate the object, check to make sure this command returns at least one valid object.
WARNING: [Vivado 12-584] No ports matched 'clk'. [C:/Users/is2751zv/Documents/git/schoolWork/digitalCircuits/dc-lab7/332_Proj/lab1/lab1.srcs/constrs_1/imports/332_Proj/lab1_nexys4_ddr.xdc:35]
CRITICAL WARNING: [Vivado 12-4739] create_clock:No valid object(s) found for '-objects [get_ports clk]'. [C:/Users/is2751zv/Documents/git/schoolWork/digitalCircuits/dc-lab7/332_Proj/lab1/lab1.srcs/constrs_1/imports/332_Proj/lab1_nexys4_ddr.xdc:35]
Resolution: Check if the specified object(s) exists in the current design. If it does, ensure that the correct design hierarchy was specified for the object. If you are working with clocks, make sure create_clock was used to create the clock object before it is referenced.
WARNING: [Vivado 12-584] No ports matched 'data_in'. [C:/Users/is2751zv/Documents/git/schoolWork/digitalCircuits/dc-lab7/332_Proj/lab1/lab1.srcs/constrs_1/imports/332_Proj/lab1_nexys4_ddr.xdc:39]
CRITICAL WARNING: [Common 17-55] 'set_property' expects at least one object. [C:/Users/is2751zv/Documents/git/schoolWork/digitalCircuits/dc-lab7/332_Proj/lab1/lab1.srcs/constrs_1/imports/332_Proj/lab1_nexys4_ddr.xdc:39]
Resolution: If [get_<value>] was used to populate the object, check to make sure this command returns at least one valid object.
WARNING: [Vivado 12-584] No ports matched 'data_in'. [C:/Users/is2751zv/Documents/git/schoolWork/digitalCircuits/dc-lab7/332_Proj/lab1/lab1.srcs/constrs_1/imports/332_Proj/lab1_nexys4_ddr.xdc:40]
CRITICAL WARNING: [Common 17-55] 'set_property' expects at least one object. [C:/Users/is2751zv/Documents/git/schoolWork/digitalCircuits/dc-lab7/332_Proj/lab1/lab1.srcs/constrs_1/imports/332_Proj/lab1_nexys4_ddr.xdc:40]
Resolution: If [get_<value>] was used to populate the object, check to make sure this command returns at least one valid object.
WARNING: [Vivado 12-584] No ports matched 'reset'. [C:/Users/is2751zv/Documents/git/schoolWork/digitalCircuits/dc-lab7/332_Proj/lab1/lab1.srcs/constrs_1/imports/332_Proj/lab1_nexys4_ddr.xdc:42]
CRITICAL WARNING: [Common 17-55] 'set_property' expects at least one object. [C:/Users/is2751zv/Documents/git/schoolWork/digitalCircuits/dc-lab7/332_Proj/lab1/lab1.srcs/constrs_1/imports/332_Proj/lab1_nexys4_ddr.xdc:42]
Resolution: If [get_<value>] was used to populate the object, check to make sure this command returns at least one valid object.
WARNING: [Vivado 12-584] No ports matched 'reset'. [C:/Users/is2751zv/Documents/git/schoolWork/digitalCircuits/dc-lab7/332_Proj/lab1/lab1.srcs/constrs_1/imports/332_Proj/lab1_nexys4_ddr.xdc:43]
CRITICAL WARNING: [Common 17-55] 'set_property' expects at least one object. [C:/Users/is2751zv/Documents/git/schoolWork/digitalCircuits/dc-lab7/332_Proj/lab1/lab1.srcs/constrs_1/imports/332_Proj/lab1_nexys4_ddr.xdc:43]
Resolution: If [get_<value>] was used to populate the object, check to make sure this command returns at least one valid object.
WARNING: [Vivado 12-584] No ports matched 'decoded_data[0]'. [C:/Users/is2751zv/Documents/git/schoolWork/digitalCircuits/dc-lab7/332_Proj/lab1/lab1.srcs/constrs_1/imports/332_Proj/lab1_nexys4_ddr.xdc:91]
CRITICAL WARNING: [Common 17-55] 'set_property' expects at least one object. [C:/Users/is2751zv/Documents/git/schoolWork/digitalCircuits/dc-lab7/332_Proj/lab1/lab1.srcs/constrs_1/imports/332_Proj/lab1_nexys4_ddr.xdc:91]
Resolution: If [get_<value>] was used to populate the object, check to make sure this command returns at least one valid object.
WARNING: [Vivado 12-584] No ports matched 'decoded_data[0]'. [C:/Users/is2751zv/Documents/git/schoolWork/digitalCircuits/dc-lab7/332_Proj/lab1/lab1.srcs/constrs_1/imports/332_Proj/lab1_nexys4_ddr.xdc:92]
CRITICAL WARNING: [Common 17-55] 'set_property' expects at least one object. [C:/Users/is2751zv/Documents/git/schoolWork/digitalCircuits/dc-lab7/332_Proj/lab1/lab1.srcs/constrs_1/imports/332_Proj/lab1_nexys4_ddr.xdc:92]
Resolution: If [get_<value>] was used to populate the object, check to make sure this command returns at least one valid object.
WARNING: [Vivado 12-584] No ports matched 'decoded_data[1]'. [C:/Users/is2751zv/Documents/git/schoolWork/digitalCircuits/dc-lab7/332_Proj/lab1/lab1.srcs/constrs_1/imports/332_Proj/lab1_nexys4_ddr.xdc:94]
CRITICAL WARNING: [Common 17-55] 'set_property' expects at least one object. [C:/Users/is2751zv/Documents/git/schoolWork/digitalCircuits/dc-lab7/332_Proj/lab1/lab1.srcs/constrs_1/imports/332_Proj/lab1_nexys4_ddr.xdc:94]
Resolution: If [get_<value>] was used to populate the object, check to make sure this command returns at least one valid object.
WARNING: [Vivado 12-584] No ports matched 'decoded_data[1]'. [C:/Users/is2751zv/Documents/git/schoolWork/digitalCircuits/dc-lab7/332_Proj/lab1/lab1.srcs/constrs_1/imports/332_Proj/lab1_nexys4_ddr.xdc:95]
CRITICAL WARNING: [Common 17-55] 'set_property' expects at least one object. [C:/Users/is2751zv/Documents/git/schoolWork/digitalCircuits/dc-lab7/332_Proj/lab1/lab1.srcs/constrs_1/imports/332_Proj/lab1_nexys4_ddr.xdc:95]
Resolution: If [get_<value>] was used to populate the object, check to make sure this command returns at least one valid object.
WARNING: [Vivado 12-584] No ports matched 'decoded_data[2]'. [C:/Users/is2751zv/Documents/git/schoolWork/digitalCircuits/dc-lab7/332_Proj/lab1/lab1.srcs/constrs_1/imports/332_Proj/lab1_nexys4_ddr.xdc:97]
CRITICAL WARNING: [Common 17-55] 'set_property' expects at least one object. [C:/Users/is2751zv/Documents/git/schoolWork/digitalCircuits/dc-lab7/332_Proj/lab1/lab1.srcs/constrs_1/imports/332_Proj/lab1_nexys4_ddr.xdc:97]
Resolution: If [get_<value>] was used to populate the object, check to make sure this command returns at least one valid object.
WARNING: [Vivado 12-584] No ports matched 'decoded_data[2]'. [C:/Users/is2751zv/Documents/git/schoolWork/digitalCircuits/dc-lab7/332_Proj/lab1/lab1.srcs/constrs_1/imports/332_Proj/lab1_nexys4_ddr.xdc:98]
CRITICAL WARNING: [Common 17-55] 'set_property' expects at least one object. [C:/Users/is2751zv/Documents/git/schoolWork/digitalCircuits/dc-lab7/332_Proj/lab1/lab1.srcs/constrs_1/imports/332_Proj/lab1_nexys4_ddr.xdc:98]
Resolution: If [get_<value>] was used to populate the object, check to make sure this command returns at least one valid object.
WARNING: [Vivado 12-584] No ports matched 'decoded_data[3]'. [C:/Users/is2751zv/Documents/git/schoolWork/digitalCircuits/dc-lab7/332_Proj/lab1/lab1.srcs/constrs_1/imports/332_Proj/lab1_nexys4_ddr.xdc:100]
CRITICAL WARNING: [Common 17-55] 'set_property' expects at least one object. [C:/Users/is2751zv/Documents/git/schoolWork/digitalCircuits/dc-lab7/332_Proj/lab1/lab1.srcs/constrs_1/imports/332_Proj/lab1_nexys4_ddr.xdc:100]
Resolution: If [get_<value>] was used to populate the object, check to make sure this command returns at least one valid object.
WARNING: [Vivado 12-584] No ports matched 'decoded_data[3]'. [C:/Users/is2751zv/Documents/git/schoolWork/digitalCircuits/dc-lab7/332_Proj/lab1/lab1.srcs/constrs_1/imports/332_Proj/lab1_nexys4_ddr.xdc:101]
CRITICAL WARNING: [Common 17-55] 'set_property' expects at least one object. [C:/Users/is2751zv/Documents/git/schoolWork/digitalCircuits/dc-lab7/332_Proj/lab1/lab1.srcs/constrs_1/imports/332_Proj/lab1_nexys4_ddr.xdc:101]
Resolution: If [get_<value>] was used to populate the object, check to make sure this command returns at least one valid object.
WARNING: [Vivado 12-584] No ports matched 'decoded_data[4]'. [C:/Users/is2751zv/Documents/git/schoolWork/digitalCircuits/dc-lab7/332_Proj/lab1/lab1.srcs/constrs_1/imports/332_Proj/lab1_nexys4_ddr.xdc:103]
CRITICAL WARNING: [Common 17-55] 'set_property' expects at least one object. [C:/Users/is2751zv/Documents/git/schoolWork/digitalCircuits/dc-lab7/332_Proj/lab1/lab1.srcs/constrs_1/imports/332_Proj/lab1_nexys4_ddr.xdc:103]
Resolution: If [get_<value>] was used to populate the object, check to make sure this command returns at least one valid object.
WARNING: [Vivado 12-584] No ports matched 'decoded_data[4]'. [C:/Users/is2751zv/Documents/git/schoolWork/digitalCircuits/dc-lab7/332_Proj/lab1/lab1.srcs/constrs_1/imports/332_Proj/lab1_nexys4_ddr.xdc:104]
CRITICAL WARNING: [Common 17-55] 'set_property' expects at least one object. [C:/Users/is2751zv/Documents/git/schoolWork/digitalCircuits/dc-lab7/332_Proj/lab1/lab1.srcs/constrs_1/imports/332_Proj/lab1_nexys4_ddr.xdc:104]
Resolution: If [get_<value>] was used to populate the object, check to make sure this command returns at least one valid object.
WARNING: [Vivado 12-584] No ports matched 'decoded_data[5]'. [C:/Users/is2751zv/Documents/git/schoolWork/digitalCircuits/dc-lab7/332_Proj/lab1/lab1.srcs/constrs_1/imports/332_Proj/lab1_nexys4_ddr.xdc:106]
CRITICAL WARNING: [Common 17-55] 'set_property' expects at least one object. [C:/Users/is2751zv/Documents/git/schoolWork/digitalCircuits/dc-lab7/332_Proj/lab1/lab1.srcs/constrs_1/imports/332_Proj/lab1_nexys4_ddr.xdc:106]
Resolution: If [get_<value>] was used to populate the object, check to make sure this command returns at least one valid object.
WARNING: [Vivado 12-584] No ports matched 'decoded_data[5]'. [C:/Users/is2751zv/Documents/git/schoolWork/digitalCircuits/dc-lab7/332_Proj/lab1/lab1.srcs/constrs_1/imports/332_Proj/lab1_nexys4_ddr.xdc:107]
CRITICAL WARNING: [Common 17-55] 'set_property' expects at least one object. [C:/Users/is2751zv/Documents/git/schoolWork/digitalCircuits/dc-lab7/332_Proj/lab1/lab1.srcs/constrs_1/imports/332_Proj/lab1_nexys4_ddr.xdc:107]
Resolution: If [get_<value>] was used to populate the object, check to make sure this command returns at least one valid object.
WARNING: [Vivado 12-584] No ports matched 'decoded_data[6]'. [C:/Users/is2751zv/Documents/git/schoolWork/digitalCircuits/dc-lab7/332_Proj/lab1/lab1.srcs/constrs_1/imports/332_Proj/lab1_nexys4_ddr.xdc:109]
CRITICAL WARNING: [Common 17-55] 'set_property' expects at least one object. [C:/Users/is2751zv/Documents/git/schoolWork/digitalCircuits/dc-lab7/332_Proj/lab1/lab1.srcs/constrs_1/imports/332_Proj/lab1_nexys4_ddr.xdc:109]
Resolution: If [get_<value>] was used to populate the object, check to make sure this command returns at least one valid object.
WARNING: [Vivado 12-584] No ports matched 'decoded_data[6]'. [C:/Users/is2751zv/Documents/git/schoolWork/digitalCircuits/dc-lab7/332_Proj/lab1/lab1.srcs/constrs_1/imports/332_Proj/lab1_nexys4_ddr.xdc:110]
CRITICAL WARNING: [Common 17-55] 'set_property' expects at least one object. [C:/Users/is2751zv/Documents/git/schoolWork/digitalCircuits/dc-lab7/332_Proj/lab1/lab1.srcs/constrs_1/imports/332_Proj/lab1_nexys4_ddr.xdc:110]
Resolution: If [get_<value>] was used to populate the object, check to make sure this command returns at least one valid object.
WARNING: [Vivado 12-584] No ports matched 'decoded_data[7]'. [C:/Users/is2751zv/Documents/git/schoolWork/digitalCircuits/dc-lab7/332_Proj/lab1/lab1.srcs/constrs_1/imports/332_Proj/lab1_nexys4_ddr.xdc:112]
CRITICAL WARNING: [Common 17-55] 'set_property' expects at least one object. [C:/Users/is2751zv/Documents/git/schoolWork/digitalCircuits/dc-lab7/332_Proj/lab1/lab1.srcs/constrs_1/imports/332_Proj/lab1_nexys4_ddr.xdc:112]
Resolution: If [get_<value>] was used to populate the object, check to make sure this command returns at least one valid object.
WARNING: [Vivado 12-584] No ports matched 'decoded_data[7]'. [C:/Users/is2751zv/Documents/git/schoolWork/digitalCircuits/dc-lab7/332_Proj/lab1/lab1.srcs/constrs_1/imports/332_Proj/lab1_nexys4_ddr.xdc:113]
CRITICAL WARNING: [Common 17-55] 'set_property' expects at least one object. [C:/Users/is2751zv/Documents/git/schoolWork/digitalCircuits/dc-lab7/332_Proj/lab1/lab1.srcs/constrs_1/imports/332_Proj/lab1_nexys4_ddr.xdc:113]
Resolution: If [get_<value>] was used to populate the object, check to make sure this command returns at least one valid object.
WARNING: [Vivado 12-584] No ports matched 'decoded_data[8]'. [C:/Users/is2751zv/Documents/git/schoolWork/digitalCircuits/dc-lab7/332_Proj/lab1/lab1.srcs/constrs_1/imports/332_Proj/lab1_nexys4_ddr.xdc:115]
CRITICAL WARNING: [Common 17-55] 'set_property' expects at least one object. [C:/Users/is2751zv/Documents/git/schoolWork/digitalCircuits/dc-lab7/332_Proj/lab1/lab1.srcs/constrs_1/imports/332_Proj/lab1_nexys4_ddr.xdc:115]
Resolution: If [get_<value>] was used to populate the object, check to make sure this command returns at least one valid object.
WARNING: [Vivado 12-584] No ports matched 'decoded_data[8]'. [C:/Users/is2751zv/Documents/git/schoolWork/digitalCircuits/dc-lab7/332_Proj/lab1/lab1.srcs/constrs_1/imports/332_Proj/lab1_nexys4_ddr.xdc:116]
CRITICAL WARNING: [Common 17-55] 'set_property' expects at least one object. [C:/Users/is2751zv/Documents/git/schoolWork/digitalCircuits/dc-lab7/332_Proj/lab1/lab1.srcs/constrs_1/imports/332_Proj/lab1_nexys4_ddr.xdc:116]
Resolution: If [get_<value>] was used to populate the object, check to make sure this command returns at least one valid object.
WARNING: [Vivado 12-584] No ports matched 'decoded_data[9]'. [C:/Users/is2751zv/Documents/git/schoolWork/digitalCircuits/dc-lab7/332_Proj/lab1/lab1.srcs/constrs_1/imports/332_Proj/lab1_nexys4_ddr.xdc:118]
CRITICAL WARNING: [Common 17-55] 'set_property' expects at least one object. [C:/Users/is2751zv/Documents/git/schoolWork/digitalCircuits/dc-lab7/332_Proj/lab1/lab1.srcs/constrs_1/imports/332_Proj/lab1_nexys4_ddr.xdc:118]
Resolution: If [get_<value>] was used to populate the object, check to make sure this command returns at least one valid object.
WARNING: [Vivado 12-584] No ports matched 'decoded_data[9]'. [C:/Users/is2751zv/Documents/git/schoolWork/digitalCircuits/dc-lab7/332_Proj/lab1/lab1.srcs/constrs_1/imports/332_Proj/lab1_nexys4_ddr.xdc:119]
CRITICAL WARNING: [Common 17-55] 'set_property' expects at least one object. [C:/Users/is2751zv/Documents/git/schoolWork/digitalCircuits/dc-lab7/332_Proj/lab1/lab1.srcs/constrs_1/imports/332_Proj/lab1_nexys4_ddr.xdc:119]
Resolution: If [get_<value>] was used to populate the object, check to make sure this command returns at least one valid object.
WARNING: [Vivado 12-584] No ports matched 'decoded_data[10]'. [C:/Users/is2751zv/Documents/git/schoolWork/digitalCircuits/dc-lab7/332_Proj/lab1/lab1.srcs/constrs_1/imports/332_Proj/lab1_nexys4_ddr.xdc:121]
CRITICAL WARNING: [Common 17-55] 'set_property' expects at least one object. [C:/Users/is2751zv/Documents/git/schoolWork/digitalCircuits/dc-lab7/332_Proj/lab1/lab1.srcs/constrs_1/imports/332_Proj/lab1_nexys4_ddr.xdc:121]
Resolution: If [get_<value>] was used to populate the object, check to make sure this command returns at least one valid object.
WARNING: [Vivado 12-584] No ports matched 'decoded_data[10]'. [C:/Users/is2751zv/Documents/git/schoolWork/digitalCircuits/dc-lab7/332_Proj/lab1/lab1.srcs/constrs_1/imports/332_Proj/lab1_nexys4_ddr.xdc:122]
CRITICAL WARNING: [Common 17-55] 'set_property' expects at least one object. [C:/Users/is2751zv/Documents/git/schoolWork/digitalCircuits/dc-lab7/332_Proj/lab1/lab1.srcs/constrs_1/imports/332_Proj/lab1_nexys4_ddr.xdc:122]
Resolution: If [get_<value>] was used to populate the object, check to make sure this command returns at least one valid object.
WARNING: [Vivado 12-584] No ports matched 'decoded_data[11]'. [C:/Users/is2751zv/Documents/git/schoolWork/digitalCircuits/dc-lab7/332_Proj/lab1/lab1.srcs/constrs_1/imports/332_Proj/lab1_nexys4_ddr.xdc:124]
CRITICAL WARNING: [Common 17-55] 'set_property' expects at least one object. [C:/Users/is2751zv/Documents/git/schoolWork/digitalCircuits/dc-lab7/332_Proj/lab1/lab1.srcs/constrs_1/imports/332_Proj/lab1_nexys4_ddr.xdc:124]
Resolution: If [get_<value>] was used to populate the object, check to make sure this command returns at least one valid object.
WARNING: [Vivado 12-584] No ports matched 'decoded_data[11]'. [C:/Users/is2751zv/Documents/git/schoolWork/digitalCircuits/dc-lab7/332_Proj/lab1/lab1.srcs/constrs_1/imports/332_Proj/lab1_nexys4_ddr.xdc:125]
CRITICAL WARNING: [Common 17-55] 'set_property' expects at least one object. [C:/Users/is2751zv/Documents/git/schoolWork/digitalCircuits/dc-lab7/332_Proj/lab1/lab1.srcs/constrs_1/imports/332_Proj/lab1_nexys4_ddr.xdc:125]
Resolution: If [get_<value>] was used to populate the object, check to make sure this command returns at least one valid object.
WARNING: [Vivado 12-584] No ports matched 'decoded_data[12]'. [C:/Users/is2751zv/Documents/git/schoolWork/digitalCircuits/dc-lab7/332_Proj/lab1/lab1.srcs/constrs_1/imports/332_Proj/lab1_nexys4_ddr.xdc:127]
CRITICAL WARNING: [Common 17-55] 'set_property' expects at least one object. [C:/Users/is2751zv/Documents/git/schoolWork/digitalCircuits/dc-lab7/332_Proj/lab1/lab1.srcs/constrs_1/imports/332_Proj/lab1_nexys4_ddr.xdc:127]
Resolution: If [get_<value>] was used to populate the object, check to make sure this command returns at least one valid object.
WARNING: [Vivado 12-584] No ports matched 'decoded_data[12]'. [C:/Users/is2751zv/Documents/git/schoolWork/digitalCircuits/dc-lab7/332_Proj/lab1/lab1.srcs/constrs_1/imports/332_Proj/lab1_nexys4_ddr.xdc:128]
CRITICAL WARNING: [Common 17-55] 'set_property' expects at least one object. [C:/Users/is2751zv/Documents/git/schoolWork/digitalCircuits/dc-lab7/332_Proj/lab1/lab1.srcs/constrs_1/imports/332_Proj/lab1_nexys4_ddr.xdc:128]
Resolution: If [get_<value>] was used to populate the object, check to make sure this command returns at least one valid object.
WARNING: [Vivado 12-584] No ports matched 'data_req'. [C:/Users/is2751zv/Documents/git/schoolWork/digitalCircuits/dc-lab7/332_Proj/lab1/lab1.srcs/constrs_1/imports/332_Proj/lab1_nexys4_ddr.xdc:130]
CRITICAL WARNING: [Common 17-55] 'set_property' expects at least one object. [C:/Users/is2751zv/Documents/git/schoolWork/digitalCircuits/dc-lab7/332_Proj/lab1/lab1.srcs/constrs_1/imports/332_Proj/lab1_nexys4_ddr.xdc:130]
Resolution: If [get_<value>] was used to populate the object, check to make sure this command returns at least one valid object.
WARNING: [Vivado 12-584] No ports matched 'data_req'. [C:/Users/is2751zv/Documents/git/schoolWork/digitalCircuits/dc-lab7/332_Proj/lab1/lab1.srcs/constrs_1/imports/332_Proj/lab1_nexys4_ddr.xdc:131]
CRITICAL WARNING: [Common 17-55] 'set_property' expects at least one object. [C:/Users/is2751zv/Documents/git/schoolWork/digitalCircuits/dc-lab7/332_Proj/lab1/lab1.srcs/constrs_1/imports/332_Proj/lab1_nexys4_ddr.xdc:131]
Resolution: If [get_<value>] was used to populate the object, check to make sure this command returns at least one valid object.
WARNING: [Vivado 12-584] No ports matched 'led[14]'. [C:/Users/is2751zv/Documents/git/schoolWork/digitalCircuits/dc-lab7/332_Proj/lab1/lab1.srcs/constrs_1/imports/332_Proj/lab1_nexys4_ddr.xdc:133]
CRITICAL WARNING: [Common 17-55] 'set_property' expects at least one object. [C:/Users/is2751zv/Documents/git/schoolWork/digitalCircuits/dc-lab7/332_Proj/lab1/lab1.srcs/constrs_1/imports/332_Proj/lab1_nexys4_ddr.xdc:133]
Resolution: If [get_<value>] was used to populate the object, check to make sure this command returns at least one valid object.
WARNING: [Vivado 12-584] No ports matched 'led[14]'. [C:/Users/is2751zv/Documents/git/schoolWork/digitalCircuits/dc-lab7/332_Proj/lab1/lab1.srcs/constrs_1/imports/332_Proj/lab1_nexys4_ddr.xdc:134]
CRITICAL WARNING: [Common 17-55] 'set_property' expects at least one object. [C:/Users/is2751zv/Documents/git/schoolWork/digitalCircuits/dc-lab7/332_Proj/lab1/lab1.srcs/constrs_1/imports/332_Proj/lab1_nexys4_ddr.xdc:134]
Resolution: If [get_<value>] was used to populate the object, check to make sure this command returns at least one valid object.
WARNING: [Vivado 12-584] No ports matched 'led[15]'. [C:/Users/is2751zv/Documents/git/schoolWork/digitalCircuits/dc-lab7/332_Proj/lab1/lab1.srcs/constrs_1/imports/332_Proj/lab1_nexys4_ddr.xdc:136]
CRITICAL WARNING: [Common 17-55] 'set_property' expects at least one object. [C:/Users/is2751zv/Documents/git/schoolWork/digitalCircuits/dc-lab7/332_Proj/lab1/lab1.srcs/constrs_1/imports/332_Proj/lab1_nexys4_ddr.xdc:136]
Resolution: If [get_<value>] was used to populate the object, check to make sure this command returns at least one valid object.
WARNING: [Vivado 12-584] No ports matched 'led[15]'. [C:/Users/is2751zv/Documents/git/schoolWork/digitalCircuits/dc-lab7/332_Proj/lab1/lab1.srcs/constrs_1/imports/332_Proj/lab1_nexys4_ddr.xdc:137]
CRITICAL WARNING: [Common 17-55] 'set_property' expects at least one object. [C:/Users/is2751zv/Documents/git/schoolWork/digitalCircuits/dc-lab7/332_Proj/lab1/lab1.srcs/constrs_1/imports/332_Proj/lab1_nexys4_ddr.xdc:137]
Resolution: If [get_<value>] was used to populate the object, check to make sure this command returns at least one valid object.
WARNING: [Vivado 12-584] No ports matched 'seg[0]'. [C:/Users/is2751zv/Documents/git/schoolWork/digitalCircuits/dc-lab7/332_Proj/lab1/lab1.srcs/constrs_1/imports/332_Proj/lab1_nexys4_ddr.xdc:162]
CRITICAL WARNING: [Common 17-55] 'set_property' expects at least one object. [C:/Users/is2751zv/Documents/git/schoolWork/digitalCircuits/dc-lab7/332_Proj/lab1/lab1.srcs/constrs_1/imports/332_Proj/lab1_nexys4_ddr.xdc:162]
Resolution: If [get_<value>] was used to populate the object, check to make sure this command returns at least one valid object.
WARNING: [Vivado 12-584] No ports matched 'seg[0]'. [C:/Users/is2751zv/Documents/git/schoolWork/digitalCircuits/dc-lab7/332_Proj/lab1/lab1.srcs/constrs_1/imports/332_Proj/lab1_nexys4_ddr.xdc:163]
CRITICAL WARNING: [Common 17-55] 'set_property' expects at least one object. [C:/Users/is2751zv/Documents/git/schoolWork/digitalCircuits/dc-lab7/332_Proj/lab1/lab1.srcs/constrs_1/imports/332_Proj/lab1_nexys4_ddr.xdc:163]
Resolution: If [get_<value>] was used to populate the object, check to make sure this command returns at least one valid object.
WARNING: [Vivado 12-584] No ports matched 'seg[1]'. [C:/Users/is2751zv/Documents/git/schoolWork/digitalCircuits/dc-lab7/332_Proj/lab1/lab1.srcs/constrs_1/imports/332_Proj/lab1_nexys4_ddr.xdc:165]
CRITICAL WARNING: [Common 17-55] 'set_property' expects at least one object. [C:/Users/is2751zv/Documents/git/schoolWork/digitalCircuits/dc-lab7/332_Proj/lab1/lab1.srcs/constrs_1/imports/332_Proj/lab1_nexys4_ddr.xdc:165]
Resolution: If [get_<value>] was used to populate the object, check to make sure this command returns at least one valid object.
WARNING: [Vivado 12-584] No ports matched 'seg[1]'. [C:/Users/is2751zv/Documents/git/schoolWork/digitalCircuits/dc-lab7/332_Proj/lab1/lab1.srcs/constrs_1/imports/332_Proj/lab1_nexys4_ddr.xdc:166]
CRITICAL WARNING: [Common 17-55] 'set_property' expects at least one object. [C:/Users/is2751zv/Documents/git/schoolWork/digitalCircuits/dc-lab7/332_Proj/lab1/lab1.srcs/constrs_1/imports/332_Proj/lab1_nexys4_ddr.xdc:166]
Resolution: If [get_<value>] was used to populate the object, check to make sure this command returns at least one valid object.
WARNING: [Vivado 12-584] No ports matched 'seg[2]'. [C:/Users/is2751zv/Documents/git/schoolWork/digitalCircuits/dc-lab7/332_Proj/lab1/lab1.srcs/constrs_1/imports/332_Proj/lab1_nexys4_ddr.xdc:168]
CRITICAL WARNING: [Common 17-55] 'set_property' expects at least one object. [C:/Users/is2751zv/Documents/git/schoolWork/digitalCircuits/dc-lab7/332_Proj/lab1/lab1.srcs/constrs_1/imports/332_Proj/lab1_nexys4_ddr.xdc:168]
Resolution: If [get_<value>] was used to populate the object, check to make sure this command returns at least one valid object.
WARNING: [Vivado 12-584] No ports matched 'seg[2]'. [C:/Users/is2751zv/Documents/git/schoolWork/digitalCircuits/dc-lab7/332_Proj/lab1/lab1.srcs/constrs_1/imports/332_Proj/lab1_nexys4_ddr.xdc:169]
CRITICAL WARNING: [Common 17-55] 'set_property' expects at least one object. [C:/Users/is2751zv/Documents/git/schoolWork/digitalCircuits/dc-lab7/332_Proj/lab1/lab1.srcs/constrs_1/imports/332_Proj/lab1_nexys4_ddr.xdc:169]
Resolution: If [get_<value>] was used to populate the object, check to make sure this command returns at least one valid object.
WARNING: [Vivado 12-584] No ports matched 'seg[3]'. [C:/Users/is2751zv/Documents/git/schoolWork/digitalCircuits/dc-lab7/332_Proj/lab1/lab1.srcs/constrs_1/imports/332_Proj/lab1_nexys4_ddr.xdc:171]
CRITICAL WARNING: [Common 17-55] 'set_property' expects at least one object. [C:/Users/is2751zv/Documents/git/schoolWork/digitalCircuits/dc-lab7/332_Proj/lab1/lab1.srcs/constrs_1/imports/332_Proj/lab1_nexys4_ddr.xdc:171]
Resolution: If [get_<value>] was used to populate the object, check to make sure this command returns at least one valid object.
WARNING: [Vivado 12-584] No ports matched 'seg[3]'. [C:/Users/is2751zv/Documents/git/schoolWork/digitalCircuits/dc-lab7/332_Proj/lab1/lab1.srcs/constrs_1/imports/332_Proj/lab1_nexys4_ddr.xdc:172]
CRITICAL WARNING: [Common 17-55] 'set_property' expects at least one object. [C:/Users/is2751zv/Documents/git/schoolWork/digitalCircuits/dc-lab7/332_Proj/lab1/lab1.srcs/constrs_1/imports/332_Proj/lab1_nexys4_ddr.xdc:172]
Resolution: If [get_<value>] was used to populate the object, check to make sure this command returns at least one valid object.
WARNING: [Vivado 12-584] No ports matched 'seg[4]'. [C:/Users/is2751zv/Documents/git/schoolWork/digitalCircuits/dc-lab7/332_Proj/lab1/lab1.srcs/constrs_1/imports/332_Proj/lab1_nexys4_ddr.xdc:174]
CRITICAL WARNING: [Common 17-55] 'set_property' expects at least one object. [C:/Users/is2751zv/Documents/git/schoolWork/digitalCircuits/dc-lab7/332_Proj/lab1/lab1.srcs/constrs_1/imports/332_Proj/lab1_nexys4_ddr.xdc:174]
Resolution: If [get_<value>] was used to populate the object, check to make sure this command returns at least one valid object.
WARNING: [Vivado 12-584] No ports matched 'seg[4]'. [C:/Users/is2751zv/Documents/git/schoolWork/digitalCircuits/dc-lab7/332_Proj/lab1/lab1.srcs/constrs_1/imports/332_Proj/lab1_nexys4_ddr.xdc:175]
CRITICAL WARNING: [Common 17-55] 'set_property' expects at least one object. [C:/Users/is2751zv/Documents/git/schoolWork/digitalCircuits/dc-lab7/332_Proj/lab1/lab1.srcs/constrs_1/imports/332_Proj/lab1_nexys4_ddr.xdc:175]
Resolution: If [get_<value>] was used to populate the object, check to make sure this command returns at least one valid object.
WARNING: [Vivado 12-584] No ports matched 'seg[5]'. [C:/Users/is2751zv/Documents/git/schoolWork/digitalCircuits/dc-lab7/332_Proj/lab1/lab1.srcs/constrs_1/imports/332_Proj/lab1_nexys4_ddr.xdc:177]
CRITICAL WARNING: [Common 17-55] 'set_property' expects at least one object. [C:/Users/is2751zv/Documents/git/schoolWork/digitalCircuits/dc-lab7/332_Proj/lab1/lab1.srcs/constrs_1/imports/332_Proj/lab1_nexys4_ddr.xdc:177]
Resolution: If [get_<value>] was used to populate the object, check to make sure this command returns at least one valid object.
WARNING: [Vivado 12-584] No ports matched 'seg[5]'. [C:/Users/is2751zv/Documents/git/schoolWork/digitalCircuits/dc-lab7/332_Proj/lab1/lab1.srcs/constrs_1/imports/332_Proj/lab1_nexys4_ddr.xdc:178]
CRITICAL WARNING: [Common 17-55] 'set_property' expects at least one object. [C:/Users/is2751zv/Documents/git/schoolWork/digitalCircuits/dc-lab7/332_Proj/lab1/lab1.srcs/constrs_1/imports/332_Proj/lab1_nexys4_ddr.xdc:178]
Resolution: If [get_<value>] was used to populate the object, check to make sure this command returns at least one valid object.
WARNING: [Vivado 12-584] No ports matched 'seg[6]'. [C:/Users/is2751zv/Documents/git/schoolWork/digitalCircuits/dc-lab7/332_Proj/lab1/lab1.srcs/constrs_1/imports/332_Proj/lab1_nexys4_ddr.xdc:180]
CRITICAL WARNING: [Common 17-55] 'set_property' expects at least one object. [C:/Users/is2751zv/Documents/git/schoolWork/digitalCircuits/dc-lab7/332_Proj/lab1/lab1.srcs/constrs_1/imports/332_Proj/lab1_nexys4_ddr.xdc:180]
Resolution: If [get_<value>] was used to populate the object, check to make sure this command returns at least one valid object.
WARNING: [Vivado 12-584] No ports matched 'seg[6]'. [C:/Users/is2751zv/Documents/git/schoolWork/digitalCircuits/dc-lab7/332_Proj/lab1/lab1.srcs/constrs_1/imports/332_Proj/lab1_nexys4_ddr.xdc:181]
CRITICAL WARNING: [Common 17-55] 'set_property' expects at least one object. [C:/Users/is2751zv/Documents/git/schoolWork/digitalCircuits/dc-lab7/332_Proj/lab1/lab1.srcs/constrs_1/imports/332_Proj/lab1_nexys4_ddr.xdc:181]
Resolution: If [get_<value>] was used to populate the object, check to make sure this command returns at least one valid object.
WARNING: [Vivado 12-584] No ports matched 'dp'. [C:/Users/is2751zv/Documents/git/schoolWork/digitalCircuits/dc-lab7/332_Proj/lab1/lab1.srcs/constrs_1/imports/332_Proj/lab1_nexys4_ddr.xdc:184]
CRITICAL WARNING: [Common 17-55] 'set_property' expects at least one object. [C:/Users/is2751zv/Documents/git/schoolWork/digitalCircuits/dc-lab7/332_Proj/lab1/lab1.srcs/constrs_1/imports/332_Proj/lab1_nexys4_ddr.xdc:184]
Resolution: If [get_<value>] was used to populate the object, check to make sure this command returns at least one valid object.
WARNING: [Vivado 12-584] No ports matched 'dp'. [C:/Users/is2751zv/Documents/git/schoolWork/digitalCircuits/dc-lab7/332_Proj/lab1/lab1.srcs/constrs_1/imports/332_Proj/lab1_nexys4_ddr.xdc:185]
CRITICAL WARNING: [Common 17-55] 'set_property' expects at least one object. [C:/Users/is2751zv/Documents/git/schoolWork/digitalCircuits/dc-lab7/332_Proj/lab1/lab1.srcs/constrs_1/imports/332_Proj/lab1_nexys4_ddr.xdc:185]
Resolution: If [get_<value>] was used to populate the object, check to make sure this command returns at least one valid object.
WARNING: [Vivado 12-584] No ports matched 'an[0]'. [C:/Users/is2751zv/Documents/git/schoolWork/digitalCircuits/dc-lab7/332_Proj/lab1/lab1.srcs/constrs_1/imports/332_Proj/lab1_nexys4_ddr.xdc:188]
CRITICAL WARNING: [Common 17-55] 'set_property' expects at least one object. [C:/Users/is2751zv/Documents/git/schoolWork/digitalCircuits/dc-lab7/332_Proj/lab1/lab1.srcs/constrs_1/imports/332_Proj/lab1_nexys4_ddr.xdc:188]
Resolution: If [get_<value>] was used to populate the object, check to make sure this command returns at least one valid object.
WARNING: [Vivado 12-584] No ports matched 'an[0]'. [C:/Users/is2751zv/Documents/git/schoolWork/digitalCircuits/dc-lab7/332_Proj/lab1/lab1.srcs/constrs_1/imports/332_Proj/lab1_nexys4_ddr.xdc:189]
CRITICAL WARNING: [Common 17-55] 'set_property' expects at least one object. [C:/Users/is2751zv/Documents/git/schoolWork/digitalCircuits/dc-lab7/332_Proj/lab1/lab1.srcs/constrs_1/imports/332_Proj/lab1_nexys4_ddr.xdc:189]
Resolution: If [get_<value>] was used to populate the object, check to make sure this command returns at least one valid object.
WARNING: [Vivado 12-584] No ports matched 'an[1]'. [C:/Users/is2751zv/Documents/git/schoolWork/digitalCircuits/dc-lab7/332_Proj/lab1/lab1.srcs/constrs_1/imports/332_Proj/lab1_nexys4_ddr.xdc:191]
CRITICAL WARNING: [Common 17-55] 'set_property' expects at least one object. [C:/Users/is2751zv/Documents/git/schoolWork/digitalCircuits/dc-lab7/332_Proj/lab1/lab1.srcs/constrs_1/imports/332_Proj/lab1_nexys4_ddr.xdc:191]
Resolution: If [get_<value>] was used to populate the object, check to make sure this command returns at least one valid object.
WARNING: [Vivado 12-584] No ports matched 'an[1]'. [C:/Users/is2751zv/Documents/git/schoolWork/digitalCircuits/dc-lab7/332_Proj/lab1/lab1.srcs/constrs_1/imports/332_Proj/lab1_nexys4_ddr.xdc:192]
CRITICAL WARNING: [Common 17-55] 'set_property' expects at least one object. [C:/Users/is2751zv/Documents/git/schoolWork/digitalCircuits/dc-lab7/332_Proj/lab1/lab1.srcs/constrs_1/imports/332_Proj/lab1_nexys4_ddr.xdc:192]
Resolution: If [get_<value>] was used to populate the object, check to make sure this command returns at least one valid object.
WARNING: [Vivado 12-584] No ports matched 'an[2]'. [C:/Users/is2751zv/Documents/git/schoolWork/digitalCircuits/dc-lab7/332_Proj/lab1/lab1.srcs/constrs_1/imports/332_Proj/lab1_nexys4_ddr.xdc:194]
CRITICAL WARNING: [Common 17-55] 'set_property' expects at least one object. [C:/Users/is2751zv/Documents/git/schoolWork/digitalCircuits/dc-lab7/332_Proj/lab1/lab1.srcs/constrs_1/imports/332_Proj/lab1_nexys4_ddr.xdc:194]
Resolution: If [get_<value>] was used to populate the object, check to make sure this command returns at least one valid object.
WARNING: [Vivado 12-584] No ports matched 'an[2]'. [C:/Users/is2751zv/Documents/git/schoolWork/digitalCircuits/dc-lab7/332_Proj/lab1/lab1.srcs/constrs_1/imports/332_Proj/lab1_nexys4_ddr.xdc:195]
CRITICAL WARNING: [Common 17-55] 'set_property' expects at least one object. [C:/Users/is2751zv/Documents/git/schoolWork/digitalCircuits/dc-lab7/332_Proj/lab1/lab1.srcs/constrs_1/imports/332_Proj/lab1_nexys4_ddr.xdc:195]
Resolution: If [get_<value>] was used to populate the object, check to make sure this command returns at least one valid object.
WARNING: [Vivado 12-584] No ports matched 'an[3]'. [C:/Users/is2751zv/Documents/git/schoolWork/digitalCircuits/dc-lab7/332_Proj/lab1/lab1.srcs/constrs_1/imports/332_Proj/lab1_nexys4_ddr.xdc:197]
CRITICAL WARNING: [Common 17-55] 'set_property' expects at least one object. [C:/Users/is2751zv/Documents/git/schoolWork/digitalCircuits/dc-lab7/332_Proj/lab1/lab1.srcs/constrs_1/imports/332_Proj/lab1_nexys4_ddr.xdc:197]
Resolution: If [get_<value>] was used to populate the object, check to make sure this command returns at least one valid object.
WARNING: [Vivado 12-584] No ports matched 'an[3]'. [C:/Users/is2751zv/Documents/git/schoolWork/digitalCircuits/dc-lab7/332_Proj/lab1/lab1.srcs/constrs_1/imports/332_Proj/lab1_nexys4_ddr.xdc:198]
CRITICAL WARNING: [Common 17-55] 'set_property' expects at least one object. [C:/Users/is2751zv/Documents/git/schoolWork/digitalCircuits/dc-lab7/332_Proj/lab1/lab1.srcs/constrs_1/imports/332_Proj/lab1_nexys4_ddr.xdc:198]
Resolution: If [get_<value>] was used to populate the object, check to make sure this command returns at least one valid object.
WARNING: [Vivado 12-584] No ports matched 'an[4]'. [C:/Users/is2751zv/Documents/git/schoolWork/digitalCircuits/dc-lab7/332_Proj/lab1/lab1.srcs/constrs_1/imports/332_Proj/lab1_nexys4_ddr.xdc:200]
CRITICAL WARNING: [Common 17-55] 'set_property' expects at least one object. [C:/Users/is2751zv/Documents/git/schoolWork/digitalCircuits/dc-lab7/332_Proj/lab1/lab1.srcs/constrs_1/imports/332_Proj/lab1_nexys4_ddr.xdc:200]
Resolution: If [get_<value>] was used to populate the object, check to make sure this command returns at least one valid object.
WARNING: [Vivado 12-584] No ports matched 'an[4]'. [C:/Users/is2751zv/Documents/git/schoolWork/digitalCircuits/dc-lab7/332_Proj/lab1/lab1.srcs/constrs_1/imports/332_Proj/lab1_nexys4_ddr.xdc:201]
CRITICAL WARNING: [Common 17-55] 'set_property' expects at least one object. [C:/Users/is2751zv/Documents/git/schoolWork/digitalCircuits/dc-lab7/332_Proj/lab1/lab1.srcs/constrs_1/imports/332_Proj/lab1_nexys4_ddr.xdc:201]
Resolution: If [get_<value>] was used to populate the object, check to make sure this command returns at least one valid object.
WARNING: [Vivado 12-584] No ports matched 'an[5]'. [C:/Users/is2751zv/Documents/git/schoolWork/digitalCircuits/dc-lab7/332_Proj/lab1/lab1.srcs/constrs_1/imports/332_Proj/lab1_nexys4_ddr.xdc:203]
CRITICAL WARNING: [Common 17-55] 'set_property' expects at least one object. [C:/Users/is2751zv/Documents/git/schoolWork/digitalCircuits/dc-lab7/332_Proj/lab1/lab1.srcs/constrs_1/imports/332_Proj/lab1_nexys4_ddr.xdc:203]
Resolution: If [get_<value>] was used to populate the object, check to make sure this command returns at least one valid object.
WARNING: [Vivado 12-584] No ports matched 'an[5]'. [C:/Users/is2751zv/Documents/git/schoolWork/digitalCircuits/dc-lab7/332_Proj/lab1/lab1.srcs/constrs_1/imports/332_Proj/lab1_nexys4_ddr.xdc:204]
CRITICAL WARNING: [Common 17-55] 'set_property' expects at least one object. [C:/Users/is2751zv/Documents/git/schoolWork/digitalCircuits/dc-lab7/332_Proj/lab1/lab1.srcs/constrs_1/imports/332_Proj/lab1_nexys4_ddr.xdc:204]
Resolution: If [get_<value>] was used to populate the object, check to make sure this command returns at least one valid object.
WARNING: [Vivado 12-584] No ports matched 'an[6]'. [C:/Users/is2751zv/Documents/git/schoolWork/digitalCircuits/dc-lab7/332_Proj/lab1/lab1.srcs/constrs_1/imports/332_Proj/lab1_nexys4_ddr.xdc:206]
CRITICAL WARNING: [Common 17-55] 'set_property' expects at least one object. [C:/Users/is2751zv/Documents/git/schoolWork/digitalCircuits/dc-lab7/332_Proj/lab1/lab1.srcs/constrs_1/imports/332_Proj/lab1_nexys4_ddr.xdc:206]
Resolution: If [get_<value>] was used to populate the object, check to make sure this command returns at least one valid object.
WARNING: [Vivado 12-584] No ports matched 'an[6]'. [C:/Users/is2751zv/Documents/git/schoolWork/digitalCircuits/dc-lab7/332_Proj/lab1/lab1.srcs/constrs_1/imports/332_Proj/lab1_nexys4_ddr.xdc:207]
CRITICAL WARNING: [Common 17-55] 'set_property' expects at least one object. [C:/Users/is2751zv/Documents/git/schoolWork/digitalCircuits/dc-lab7/332_Proj/lab1/lab1.srcs/constrs_1/imports/332_Proj/lab1_nexys4_ddr.xdc:207]
Resolution: If [get_<value>] was used to populate the object, check to make sure this command returns at least one valid object.
WARNING: [Vivado 12-584] No ports matched 'an[7]'. [C:/Users/is2751zv/Documents/git/schoolWork/digitalCircuits/dc-lab7/332_Proj/lab1/lab1.srcs/constrs_1/imports/332_Proj/lab1_nexys4_ddr.xdc:209]
CRITICAL WARNING: [Common 17-55] 'set_property' expects at least one object. [C:/Users/is2751zv/Documents/git/schoolWork/digitalCircuits/dc-lab7/332_Proj/lab1/lab1.srcs/constrs_1/imports/332_Proj/lab1_nexys4_ddr.xdc:209]
Resolution: If [get_<value>] was used to populate the object, check to make sure this command returns at least one valid object.
WARNING: [Vivado 12-584] No ports matched 'an[7]'. [C:/Users/is2751zv/Documents/git/schoolWork/digitalCircuits/dc-lab7/332_Proj/lab1/lab1.srcs/constrs_1/imports/332_Proj/lab1_nexys4_ddr.xdc:210]
CRITICAL WARNING: [Common 17-55] 'set_property' expects at least one object. [C:/Users/is2751zv/Documents/git/schoolWork/digitalCircuits/dc-lab7/332_Proj/lab1/lab1.srcs/constrs_1/imports/332_Proj/lab1_nexys4_ddr.xdc:210]
Resolution: If [get_<value>] was used to populate the object, check to make sure this command returns at least one valid object.
Finished Parsing XDC File [C:/Users/is2751zv/Documents/git/schoolWork/digitalCircuits/dc-lab7/332_Proj/lab1/lab1.srcs/constrs_1/imports/332_Proj/lab1_nexys4_ddr.xdc]
Completed Processing XDC Constraints

Netlist sorting complete. Time (s): cpu = 00:00:00 ; elapsed = 00:00:00 . Memory (MB): peak = 895.094 ; gain = 0.000
INFO: [Project 1-111] Unisim Transformation Summary:
No Unisim elements were transformed.

WARNING: [Constraints 18-5210] No constraints selected for write.
Resolution: This message can indicate that there are no constraints for the design, or it can indicate that the used_in flags are set such that the constraints are ignored. This later case is used when running synth_design to not write synthesis constraints to the resulting checkpoint. Instead, project constraints are read when the synthesized design is opened.
Constraint Validation Runtime : Time (s): cpu = 00:00:00 ; elapsed = 00:00:00.120 . Memory (MB): peak = 899.160 ; gain = 4.066
---------------------------------------------------------------------------------
Finished Constraint Validation : Time (s): cpu = 00:00:23 ; elapsed = 00:00:26 . Memory (MB): peak = 899.160 ; gain = 360.504
---------------------------------------------------------------------------------
---------------------------------------------------------------------------------
Start Loading Part and Timing Information
---------------------------------------------------------------------------------
Loading part: xc7a100tcsg324-1
---------------------------------------------------------------------------------
Finished Loading Part and Timing Information : Time (s): cpu = 00:00:23 ; elapsed = 00:00:26 . Memory (MB): peak = 899.160 ; gain = 360.504
---------------------------------------------------------------------------------
---------------------------------------------------------------------------------
Start Applying 'set_property' XDC Constraints
---------------------------------------------------------------------------------
---------------------------------------------------------------------------------
Finished applying 'set_property' XDC Constraints : Time (s): cpu = 00:00:23 ; elapsed = 00:00:26 . Memory (MB): peak = 899.160 ; gain = 360.504
---------------------------------------------------------------------------------
---------------------------------------------------------------------------------
Finished RTL Optimization Phase 2 : Time (s): cpu = 00:00:24 ; elapsed = 00:00:27 . Memory (MB): peak = 899.160 ; gain = 360.504
---------------------------------------------------------------------------------

Report RTL Partitions: 
+-+--------------+------------+----------+
| |RTL Partition |Replication |Instances |
+-+--------------+------------+----------+
+-+--------------+------------+----------+
---------------------------------------------------------------------------------
Start RTL Component Statistics 
---------------------------------------------------------------------------------
Detailed RTL Component Info : 
---------------------------------------------------------------------------------
Finished RTL Component Statistics 
---------------------------------------------------------------------------------
---------------------------------------------------------------------------------
Start RTL Hierarchical Component Statistics 
---------------------------------------------------------------------------------
Hierarchical RTL Component report 
---------------------------------------------------------------------------------
Finished RTL Hierarchical Component Statistics
---------------------------------------------------------------------------------
---------------------------------------------------------------------------------
Start Part Resource Summary
---------------------------------------------------------------------------------
Part Resources:
DSPs: 240 (col length:80)
BRAMs: 270 (col length: RAMB18 80 RAMB36 40)
---------------------------------------------------------------------------------
Finished Part Resource Summary
---------------------------------------------------------------------------------
---------------------------------------------------------------------------------
Start Cross Boundary and Area Optimization
---------------------------------------------------------------------------------
Warning: Parallel synthesis criteria is not met 
WARNING: [Synth 8-3331] design tryAfter has unconnected port led[7]
WARNING: [Synth 8-3331] design tryAfter has unconnected port led[6]
WARNING: [Synth 8-3331] design tryAfter has unconnected port led[5]
WARNING: [Synth 8-3331] design tryAfter has unconnected port led[4]
WARNING: [Synth 8-3331] design tryAfter has unconnected port led[3]
WARNING: [Synth 8-3331] design tryAfter has unconnected port led[2]
WARNING: [Synth 8-3331] design tryAfter has unconnected port led[1]
WARNING: [Synth 8-3331] design tryAfter has unconnected port led[0]
---------------------------------------------------------------------------------
Finished Cross Boundary and Area Optimization : Time (s): cpu = 00:00:26 ; elapsed = 00:00:29 . Memory (MB): peak = 899.160 ; gain = 360.504
---------------------------------------------------------------------------------

Report RTL Partitions: 
+-+--------------+------------+----------+
| |RTL Partition |Replication |Instances |
+-+--------------+------------+----------+
+-+--------------+------------+----------+
---------------------------------------------------------------------------------
Start Applying XDC Timing Constraints
---------------------------------------------------------------------------------
---------------------------------------------------------------------------------
Finished Applying XDC Timing Constraints : Time (s): cpu = 00:00:47 ; elapsed = 00:00:51 . Memory (MB): peak = 899.160 ; gain = 360.504
---------------------------------------------------------------------------------
---------------------------------------------------------------------------------
Start Timing Optimization
---------------------------------------------------------------------------------
---------------------------------------------------------------------------------
Finished Timing Optimization : Time (s): cpu = 00:00:47 ; elapsed = 00:00:51 . Memory (MB): peak = 899.160 ; gain = 360.504
---------------------------------------------------------------------------------

Report RTL Partitions: 
+-+--------------+------------+----------+
| |RTL Partition |Replication |Instances |
+-+--------------+------------+----------+
+-+--------------+------------+----------+
---------------------------------------------------------------------------------
Start Technology Mapping
---------------------------------------------------------------------------------
---------------------------------------------------------------------------------
Finished Technology Mapping : Time (s): cpu = 00:00:47 ; elapsed = 00:00:51 . Memory (MB): peak = 899.160 ; gain = 360.504
---------------------------------------------------------------------------------

Report RTL Partitions: 
+-+--------------+------------+----------+
| |RTL Partition |Replication |Instances |
+-+--------------+------------+----------+
+-+--------------+------------+----------+
---------------------------------------------------------------------------------
Start IO Insertion
---------------------------------------------------------------------------------
---------------------------------------------------------------------------------
Start Flattening Before IO Insertion
---------------------------------------------------------------------------------
---------------------------------------------------------------------------------
Finished Flattening Before IO Insertion
---------------------------------------------------------------------------------
---------------------------------------------------------------------------------
Start Final Netlist Cleanup
---------------------------------------------------------------------------------
---------------------------------------------------------------------------------
Finished Final Netlist Cleanup
---------------------------------------------------------------------------------
---------------------------------------------------------------------------------
Finished IO Insertion : Time (s): cpu = 00:00:52 ; elapsed = 00:00:56 . Memory (MB): peak = 899.160 ; gain = 360.504
---------------------------------------------------------------------------------

Report Check Netlist: 
+------+------------------+-------+---------+-------+------------------+
|      |Item              |Errors |Warnings |Status |Description       |
+------+------------------+-------+---------+-------+------------------+
|1     |multi_driven_nets |      0|        0|Passed |Multi driven nets |
+------+------------------+-------+---------+-------+------------------+
---------------------------------------------------------------------------------
Start Renaming Generated Instances
---------------------------------------------------------------------------------
---------------------------------------------------------------------------------
Finished Renaming Generated Instances : Time (s): cpu = 00:00:52 ; elapsed = 00:00:56 . Memory (MB): peak = 899.160 ; gain = 360.504
---------------------------------------------------------------------------------

Report RTL Partitions: 
+-+--------------+------------+----------+
| |RTL Partition |Replication |Instances |
+-+--------------+------------+----------+
+-+--------------+------------+----------+
---------------------------------------------------------------------------------
Start Rebuilding User Hierarchy
---------------------------------------------------------------------------------
---------------------------------------------------------------------------------
Finished Rebuilding User Hierarchy : Time (s): cpu = 00:00:52 ; elapsed = 00:00:56 . Memory (MB): peak = 899.160 ; gain = 360.504
---------------------------------------------------------------------------------
---------------------------------------------------------------------------------
Start Renaming Generated Ports
---------------------------------------------------------------------------------
---------------------------------------------------------------------------------
Finished Renaming Generated Ports : Time (s): cpu = 00:00:52 ; elapsed = 00:00:56 . Memory (MB): peak = 899.160 ; gain = 360.504
---------------------------------------------------------------------------------
---------------------------------------------------------------------------------
Start Handling Custom Attributes
---------------------------------------------------------------------------------
---------------------------------------------------------------------------------
Finished Handling Custom Attributes : Time (s): cpu = 00:00:52 ; elapsed = 00:00:56 . Memory (MB): peak = 899.160 ; gain = 360.504
---------------------------------------------------------------------------------
---------------------------------------------------------------------------------
Start Renaming Generated Nets
---------------------------------------------------------------------------------
---------------------------------------------------------------------------------
Finished Renaming Generated Nets : Time (s): cpu = 00:00:52 ; elapsed = 00:00:56 . Memory (MB): peak = 899.160 ; gain = 360.504
---------------------------------------------------------------------------------
---------------------------------------------------------------------------------
Start Writing Synthesis Report
---------------------------------------------------------------------------------

Report BlackBoxes: 
+-+--------------+----------+
| |BlackBox name |Instances |
+-+--------------+----------+
+-+--------------+----------+

Report Cell Usage: 
+------+------+------+
|      |Cell  |Count |
+------+------+------+
|1     |OBUFT |     8|
+------+------+------+

Report Instance Areas: 
+------+---------+-------+------+
|      |Instance |Module |Cells |
+------+---------+-------+------+
|1     |top      |       |     8|
+------+---------+-------+------+
---------------------------------------------------------------------------------
Finished Writing Synthesis Report : Time (s): cpu = 00:00:52 ; elapsed = 00:00:56 . Memory (MB): peak = 899.160 ; gain = 360.504
---------------------------------------------------------------------------------
Synthesis finished with 0 errors, 0 critical warnings and 8 warnings.
Synthesis Optimization Runtime : Time (s): cpu = 00:00:37 ; elapsed = 00:00:51 . Memory (MB): peak = 899.160 ; gain = 242.102
Synthesis Optimization Complete : Time (s): cpu = 00:00:52 ; elapsed = 00:00:57 . Memory (MB): peak = 899.160 ; gain = 360.504
INFO: [Project 1-571] Translating synthesized netlist
INFO: [Project 1-570] Preparing netlist for logic optimization
INFO: [Opt 31-138] Pushed 0 inverter(s) to 0 load pin(s).
Netlist sorting complete. Time (s): cpu = 00:00:00 ; elapsed = 00:00:00 . Memory (MB): peak = 899.160 ; gain = 0.000
INFO: [Project 1-111] Unisim Transformation Summary:
No Unisim elements were transformed.

INFO: [Common 17-83] Releasing license: Synthesis
13 Infos, 89 Warnings, 71 Critical Warnings and 0 Errors encountered.
synth_design completed successfully
synth_design: Time (s): cpu = 00:01:02 ; elapsed = 00:01:10 . Memory (MB): peak = 899.160 ; gain = 610.238
Netlist sorting complete. Time (s): cpu = 00:00:00 ; elapsed = 00:00:00 . Memory (MB): peak = 899.160 ; gain = 0.000
WARNING: [Constraints 18-5210] No constraints selected for write.
Resolution: This message can indicate that there are no constraints for the design, or it can indicate that the used_in flags are set such that the constraints are ignored. This later case is used when running synth_design to not write synthesis constraints to the resulting checkpoint. Instead, project constraints are read when the synthesized design is opened.
INFO: [Common 17-1381] The checkpoint 'C:/Users/is2751zv/Documents/git/schoolWork/digitalCircuits/dc-lab7/332_Proj/lab1/lab1.runs/synth_1/tryAfter.dcp' has been generated.
INFO: [runtcl-4] Executing : report_utilization -file tryAfter_utilization_synth.rpt -pb tryAfter_utilization_synth.pb
INFO: [Common 17-206] Exiting Vivado at Tue Nov 19 14:34:24 2019...
